{"/Volumes/Dev/hellofresh/lentil/__tests__/BundlerSpec.js":{"path":"/Volumes/Dev/hellofresh/lentil/__tests__/BundlerSpec.js","s":{"1":1,"2":1,"3":1,"4":1,"5":1,"6":1,"7":1,"8":1,"9":1,"10":1,"11":1,"12":1,"13":1,"14":1,"15":1,"16":1,"17":1,"18":1,"19":1,"20":1,"21":1,"22":1,"23":1,"24":1},"b":{},"f":{"1":1,"2":1,"3":1,"4":1},"fnMap":{"1":{"name":"(anonymous_1)","line":1,"loc":{"start":{"line":1,"column":24},"end":{"line":1,"column":35}}},"2":{"name":"(anonymous_2)","line":3,"loc":{"start":{"line":3,"column":32},"end":{"line":3,"column":43}}},"3":{"name":"(anonymous_3)","line":11,"loc":{"start":{"line":11,"column":36},"end":{"line":11,"column":47}}},"4":{"name":"(anonymous_4)","line":27,"loc":{"start":{"line":27,"column":37},"end":{"line":27,"column":48}}}},"statementMap":{"1":{"start":{"line":1,"column":0},"end":{"line":49,"column":3}},"2":{"start":{"line":3,"column":4},"end":{"line":9,"column":7}},"3":{"start":{"line":4,"column":8},"end":{"line":4,"column":48}},"4":{"start":{"line":6,"column":8},"end":{"line":6,"column":38}},"5":{"start":{"line":8,"column":8},"end":{"line":8,"column":42}},"6":{"start":{"line":11,"column":4},"end":{"line":25,"column":7}},"7":{"start":{"line":12,"column":8},"end":{"line":12,"column":48}},"8":{"start":{"line":13,"column":8},"end":{"line":13,"column":60}},"9":{"start":{"line":14,"column":8},"end":{"line":14,"column":36}},"10":{"start":{"line":16,"column":8},"end":{"line":20,"column":11}},"11":{"start":{"line":22,"column":8},"end":{"line":22,"column":41}},"12":{"start":{"line":23,"column":8},"end":{"line":23,"column":109}},"13":{"start":{"line":24,"column":8},"end":{"line":24,"column":103}},"14":{"start":{"line":27,"column":4},"end":{"line":47,"column":7}},"15":{"start":{"line":28,"column":8},"end":{"line":28,"column":48}},"16":{"start":{"line":29,"column":8},"end":{"line":29,"column":60}},"17":{"start":{"line":30,"column":8},"end":{"line":30,"column":36}},"18":{"start":{"line":32,"column":8},"end":{"line":37,"column":11}},"19":{"start":{"line":39,"column":8},"end":{"line":39,"column":43}},"20":{"start":{"line":41,"column":8},"end":{"line":41,"column":61}},"21":{"start":{"line":42,"column":8},"end":{"line":42,"column":108}},"22":{"start":{"line":43,"column":8},"end":{"line":43,"column":99}},"23":{"start":{"line":44,"column":8},"end":{"line":44,"column":114}},"24":{"start":{"line":46,"column":8},"end":{"line":46,"column":70}}},"branchMap":{}},"/Volumes/Dev/hellofresh/lentil/__tests__/ConfigSpec.js":{"path":"/Volumes/Dev/hellofresh/lentil/__tests__/ConfigSpec.js","s":{"1":1,"2":1,"3":1,"4":1,"5":1,"6":1,"7":1,"8":1,"9":1,"10":1,"11":1,"12":1,"13":1,"14":1,"15":1,"16":1,"17":1,"18":1,"19":1,"20":1,"21":1,"22":1,"23":1,"24":1,"25":1,"26":1,"27":1,"28":1,"29":1},"b":{},"f":{"1":1,"2":1,"3":1,"4":1,"5":1,"6":1},"fnMap":{"1":{"name":"(anonymous_1)","line":1,"loc":{"start":{"line":1,"column":23},"end":{"line":1,"column":34}}},"2":{"name":"(anonymous_2)","line":3,"loc":{"start":{"line":3,"column":38},"end":{"line":3,"column":49}}},"3":{"name":"(anonymous_3)","line":15,"loc":{"start":{"line":15,"column":29},"end":{"line":15,"column":40}}},"4":{"name":"(anonymous_4)","line":35,"loc":{"start":{"line":35,"column":38},"end":{"line":35,"column":49}}},"5":{"name":"(anonymous_5)","line":45,"loc":{"start":{"line":45,"column":53},"end":{"line":45,"column":64}}},"6":{"name":"(anonymous_6)","line":55,"loc":{"start":{"line":55,"column":38},"end":{"line":55,"column":49}}}},"statementMap":{"1":{"start":{"line":1,"column":0},"end":{"line":81,"column":3}},"2":{"start":{"line":3,"column":4},"end":{"line":13,"column":7}},"3":{"start":{"line":4,"column":8},"end":{"line":4,"column":46}},"4":{"start":{"line":6,"column":8},"end":{"line":8,"column":10}},"5":{"start":{"line":10,"column":8},"end":{"line":10,"column":44}},"6":{"start":{"line":12,"column":8},"end":{"line":12,"column":54}},"7":{"start":{"line":15,"column":4},"end":{"line":33,"column":7}},"8":{"start":{"line":16,"column":8},"end":{"line":16,"column":46}},"9":{"start":{"line":18,"column":8},"end":{"line":28,"column":10}},"10":{"start":{"line":30,"column":8},"end":{"line":30,"column":44}},"11":{"start":{"line":32,"column":8},"end":{"line":32,"column":88}},"12":{"start":{"line":35,"column":4},"end":{"line":43,"column":7}},"13":{"start":{"line":36,"column":8},"end":{"line":36,"column":46}},"14":{"start":{"line":38,"column":8},"end":{"line":38,"column":28}},"15":{"start":{"line":40,"column":8},"end":{"line":40,"column":44}},"16":{"start":{"line":42,"column":8},"end":{"line":42,"column":62}},"17":{"start":{"line":45,"column":4},"end":{"line":53,"column":7}},"18":{"start":{"line":46,"column":8},"end":{"line":46,"column":46}},"19":{"start":{"line":48,"column":8},"end":{"line":48,"column":28}},"20":{"start":{"line":50,"column":8},"end":{"line":50,"column":44}},"21":{"start":{"line":52,"column":8},"end":{"line":52,"column":70}},"22":{"start":{"line":55,"column":4},"end":{"line":79,"column":7}},"23":{"start":{"line":56,"column":8},"end":{"line":56,"column":46}},"24":{"start":{"line":58,"column":8},"end":{"line":62,"column":11}},"25":{"start":{"line":64,"column":8},"end":{"line":66,"column":11}},"26":{"start":{"line":68,"column":8},"end":{"line":68,"column":38}},"27":{"start":{"line":70,"column":8},"end":{"line":72,"column":11}},"28":{"start":{"line":74,"column":8},"end":{"line":76,"column":11}},"29":{"start":{"line":78,"column":8},"end":{"line":78,"column":38}}},"branchMap":{}},"/Volumes/Dev/hellofresh/lentil/__tests__/DeployerSpec.js":{"path":"/Volumes/Dev/hellofresh/lentil/__tests__/DeployerSpec.js","s":{"1":1,"2":1,"3":1,"4":1,"5":1,"6":1,"7":1,"8":1,"9":1,"10":1,"11":1,"12":1,"13":1,"14":1,"15":1,"16":1,"17":1},"b":{},"f":{"1":1,"2":1,"3":1},"fnMap":{"1":{"name":"(anonymous_1)","line":1,"loc":{"start":{"line":1,"column":25},"end":{"line":1,"column":36}}},"2":{"name":"(anonymous_2)","line":3,"loc":{"start":{"line":3,"column":40},"end":{"line":3,"column":51}}},"3":{"name":"(anonymous_3)","line":11,"loc":{"start":{"line":11,"column":33},"end":{"line":11,"column":44}}}},"statementMap":{"1":{"start":{"line":1,"column":0},"end":{"line":31,"column":3}},"2":{"start":{"line":3,"column":4},"end":{"line":9,"column":7}},"3":{"start":{"line":4,"column":8},"end":{"line":4,"column":50}},"4":{"start":{"line":6,"column":8},"end":{"line":6,"column":46}},"5":{"start":{"line":8,"column":8},"end":{"line":8,"column":54}},"6":{"start":{"line":11,"column":4},"end":{"line":29,"column":7}},"7":{"start":{"line":12,"column":8},"end":{"line":12,"column":50}},"8":{"start":{"line":13,"column":8},"end":{"line":13,"column":60}},"9":{"start":{"line":14,"column":8},"end":{"line":14,"column":54}},"10":{"start":{"line":16,"column":8},"end":{"line":16,"column":36}},"11":{"start":{"line":18,"column":8},"end":{"line":18,"column":46}},"12":{"start":{"line":20,"column":8},"end":{"line":20,"column":24}},"13":{"start":{"line":21,"column":8},"end":{"line":21,"column":36}},"14":{"start":{"line":23,"column":8},"end":{"line":23,"column":98}},"15":{"start":{"line":25,"column":8},"end":{"line":25,"column":48}},"16":{"start":{"line":26,"column":8},"end":{"line":26,"column":36}},"17":{"start":{"line":28,"column":8},"end":{"line":28,"column":75}}},"branchMap":{}},"/Volumes/Dev/hellofresh/lentil/__tests__/FileSystemSpec.js":{"path":"/Volumes/Dev/hellofresh/lentil/__tests__/FileSystemSpec.js","s":{"1":1,"2":1,"3":1,"4":1,"5":1,"6":1,"7":1,"8":1,"9":1,"10":1,"11":1,"12":1,"13":1,"14":1,"15":1,"16":1,"17":1,"18":1,"19":1,"20":1,"21":1,"22":1,"23":1,"24":1,"25":1,"26":1},"b":{},"f":{"1":1,"2":1,"3":1,"4":1,"5":1,"6":1,"7":1,"8":1},"fnMap":{"1":{"name":"(anonymous_1)","line":1,"loc":{"start":{"line":1,"column":27},"end":{"line":1,"column":38}}},"2":{"name":"(anonymous_2)","line":3,"loc":{"start":{"line":3,"column":33},"end":{"line":3,"column":44}}},"3":{"name":"(anonymous_3)","line":9,"loc":{"start":{"line":9,"column":25},"end":{"line":9,"column":36}}},"4":{"name":"(anonymous_4)","line":19,"loc":{"start":{"line":19,"column":34},"end":{"line":19,"column":45}}},"5":{"name":"(anonymous_5)","line":25,"loc":{"start":{"line":25,"column":17},"end":{"line":25,"column":28}}},"6":{"name":"(anonymous_6)","line":32,"loc":{"start":{"line":32,"column":33},"end":{"line":32,"column":44}}},"7":{"name":"(anonymous_7)","line":36,"loc":{"start":{"line":36,"column":17},"end":{"line":36,"column":28}}},"8":{"name":"(anonymous_8)","line":42,"loc":{"start":{"line":42,"column":37},"end":{"line":42,"column":48}}}},"statementMap":{"1":{"start":{"line":1,"column":0},"end":{"line":52,"column":3}},"2":{"start":{"line":3,"column":4},"end":{"line":17,"column":7}},"3":{"start":{"line":4,"column":8},"end":{"line":4,"column":54}},"4":{"start":{"line":5,"column":8},"end":{"line":5,"column":31}},"5":{"start":{"line":7,"column":8},"end":{"line":7,"column":52}},"6":{"start":{"line":8,"column":8},"end":{"line":12,"column":11}},"7":{"start":{"line":10,"column":16},"end":{"line":10,"column":28}},"8":{"start":{"line":14,"column":8},"end":{"line":14,"column":70}},"9":{"start":{"line":15,"column":8},"end":{"line":15,"column":63}},"10":{"start":{"line":16,"column":8},"end":{"line":16,"column":69}},"11":{"start":{"line":19,"column":4},"end":{"line":30,"column":7}},"12":{"start":{"line":20,"column":8},"end":{"line":20,"column":54}},"13":{"start":{"line":22,"column":8},"end":{"line":22,"column":63}},"14":{"start":{"line":24,"column":8},"end":{"line":28,"column":29}},"15":{"start":{"line":26,"column":16},"end":{"line":26,"column":33}},"16":{"start":{"line":29,"column":8},"end":{"line":29,"column":74}},"17":{"start":{"line":32,"column":4},"end":{"line":40,"column":7}},"18":{"start":{"line":33,"column":8},"end":{"line":33,"column":54}},"19":{"start":{"line":35,"column":8},"end":{"line":39,"column":74}},"20":{"start":{"line":37,"column":16},"end":{"line":37,"column":33}},"21":{"start":{"line":42,"column":4},"end":{"line":50,"column":7}},"22":{"start":{"line":43,"column":8},"end":{"line":43,"column":54}},"23":{"start":{"line":44,"column":8},"end":{"line":44,"column":31}},"24":{"start":{"line":46,"column":8},"end":{"line":46,"column":48}},"25":{"start":{"line":47,"column":8},"end":{"line":47,"column":64}},"26":{"start":{"line":49,"column":8},"end":{"line":49,"column":68}}},"branchMap":{}},"/Volumes/Dev/hellofresh/lentil/__tests__/ingredients/angularSpec.js":{"path":"/Volumes/Dev/hellofresh/lentil/__tests__/ingredients/angularSpec.js","s":{"1":1,"2":1,"3":1,"4":1,"5":1,"6":1,"7":1,"8":1,"9":1,"10":1,"11":1,"12":1,"13":1},"b":{},"f":{"1":1,"2":1,"3":1,"4":1},"fnMap":{"1":{"name":"(anonymous_1)","line":1,"loc":{"start":{"line":1,"column":36},"end":{"line":1,"column":47}}},"2":{"name":"(anonymous_2)","line":3,"loc":{"start":{"line":3,"column":44},"end":{"line":3,"column":55}}},"3":{"name":"(anonymous_3)","line":8,"loc":{"start":{"line":8,"column":68},"end":{"line":8,"column":79}}},"4":{"name":"(anonymous_4)","line":10,"loc":{"start":{"line":10,"column":22},"end":{"line":10,"column":35}}}},"statementMap":{"1":{"start":{"line":1,"column":0},"end":{"line":30,"column":3}},"2":{"start":{"line":3,"column":4},"end":{"line":28,"column":7}},"3":{"start":{"line":4,"column":8},"end":{"line":4,"column":57}},"4":{"start":{"line":5,"column":8},"end":{"line":5,"column":63}},"5":{"start":{"line":6,"column":8},"end":{"line":6,"column":49}},"6":{"start":{"line":8,"column":8},"end":{"line":14,"column":11}},"7":{"start":{"line":9,"column":12},"end":{"line":13,"column":13}},"8":{"start":{"line":11,"column":20},"end":{"line":11,"column":46}},"9":{"start":{"line":15,"column":8},"end":{"line":15,"column":66}},"10":{"start":{"line":17,"column":8},"end":{"line":21,"column":11}},"11":{"start":{"line":23,"column":8},"end":{"line":25,"column":32}},"12":{"start":{"line":26,"column":8},"end":{"line":26,"column":60}},"13":{"start":{"line":27,"column":8},"end":{"line":27,"column":75}}},"branchMap":{}},"/Volumes/Dev/hellofresh/lentil/__tests__/ingredients/angularTemplatesSpec.js":{"path":"/Volumes/Dev/hellofresh/lentil/__tests__/ingredients/angularTemplatesSpec.js","s":{"1":1,"2":1,"3":1,"4":1,"5":1,"6":1,"7":1,"8":1,"9":1,"10":1,"11":1},"b":{},"f":{"1":1,"2":1,"3":1},"fnMap":{"1":{"name":"(anonymous_1)","line":1,"loc":{"start":{"line":1,"column":45},"end":{"line":1,"column":56}}},"2":{"name":"(anonymous_2)","line":3,"loc":{"start":{"line":3,"column":44},"end":{"line":3,"column":59}}},"3":{"name":"(anonymous_3)","line":18,"loc":{"start":{"line":18,"column":11},"end":{"line":18,"column":22}}}},"statementMap":{"1":{"start":{"line":1,"column":0},"end":{"line":25,"column":3}},"2":{"start":{"line":3,"column":4},"end":{"line":23,"column":7}},"3":{"start":{"line":4,"column":8},"end":{"line":4,"column":57}},"4":{"start":{"line":5,"column":8},"end":{"line":5,"column":81}},"5":{"start":{"line":6,"column":8},"end":{"line":6,"column":49}},"6":{"start":{"line":8,"column":8},"end":{"line":8,"column":75}},"7":{"start":{"line":10,"column":8},"end":{"line":14,"column":11}},"8":{"start":{"line":16,"column":8},"end":{"line":21,"column":30}},"9":{"start":{"line":19,"column":12},"end":{"line":19,"column":36}},"10":{"start":{"line":20,"column":12},"end":{"line":20,"column":19}},"11":{"start":{"line":22,"column":8},"end":{"line":22,"column":69}}},"branchMap":{}},"/Volumes/Dev/hellofresh/lentil/__tests__/ingredients/deploySpec.js":{"path":"/Volumes/Dev/hellofresh/lentil/__tests__/ingredients/deploySpec.js","s":{"1":1,"2":1,"3":1,"4":1,"5":1,"6":1,"7":1,"8":1,"9":1},"b":{},"f":{"1":1,"2":1,"3":1},"fnMap":{"1":{"name":"(anonymous_1)","line":1,"loc":{"start":{"line":1,"column":35},"end":{"line":1,"column":46}}},"2":{"name":"(anonymous_2)","line":3,"loc":{"start":{"line":3,"column":33},"end":{"line":3,"column":48}}},"3":{"name":"(anonymous_3)","line":16,"loc":{"start":{"line":16,"column":11},"end":{"line":16,"column":22}}}},"statementMap":{"1":{"start":{"line":1,"column":0},"end":{"line":22,"column":3}},"2":{"start":{"line":3,"column":4},"end":{"line":20,"column":7}},"3":{"start":{"line":4,"column":8},"end":{"line":4,"column":57}},"4":{"start":{"line":5,"column":8},"end":{"line":5,"column":61}},"5":{"start":{"line":6,"column":8},"end":{"line":6,"column":49}},"6":{"start":{"line":8,"column":8},"end":{"line":12,"column":11}},"7":{"start":{"line":14,"column":8},"end":{"line":19,"column":11}},"8":{"start":{"line":17,"column":12},"end":{"line":17,"column":36}},"9":{"start":{"line":18,"column":12},"end":{"line":18,"column":19}}},"branchMap":{}},"/Volumes/Dev/hellofresh/lentil/__tests__/ingredients/jsSpec.js":{"path":"/Volumes/Dev/hellofresh/lentil/__tests__/ingredients/jsSpec.js","s":{"1":1,"2":1,"3":1,"4":1,"5":1,"6":1,"7":1,"8":1,"9":1},"b":{},"f":{"1":1,"2":1},"fnMap":{"1":{"name":"(anonymous_1)","line":1,"loc":{"start":{"line":1,"column":31},"end":{"line":1,"column":42}}},"2":{"name":"(anonymous_2)","line":3,"loc":{"start":{"line":3,"column":44},"end":{"line":3,"column":55}}}},"statementMap":{"1":{"start":{"line":1,"column":0},"end":{"line":22,"column":3}},"2":{"start":{"line":3,"column":4},"end":{"line":20,"column":7}},"3":{"start":{"line":4,"column":8},"end":{"line":4,"column":57}},"4":{"start":{"line":5,"column":8},"end":{"line":5,"column":53}},"5":{"start":{"line":6,"column":8},"end":{"line":6,"column":49}},"6":{"start":{"line":8,"column":8},"end":{"line":8,"column":61}},"7":{"start":{"line":10,"column":8},"end":{"line":14,"column":11}},"8":{"start":{"line":16,"column":8},"end":{"line":18,"column":32}},"9":{"start":{"line":19,"column":8},"end":{"line":19,"column":55}}},"branchMap":{}},"/Volumes/Dev/hellofresh/lentil/__tests__/ingredients/karmaSpec.js":{"path":"/Volumes/Dev/hellofresh/lentil/__tests__/ingredients/karmaSpec.js","s":{"1":1,"2":1,"3":1,"4":1,"5":1,"6":1,"7":1,"8":1},"b":{},"f":{"1":1,"2":1},"fnMap":{"1":{"name":"(anonymous_1)","line":1,"loc":{"start":{"line":1,"column":34},"end":{"line":1,"column":45}}},"2":{"name":"(anonymous_2)","line":3,"loc":{"start":{"line":3,"column":32},"end":{"line":3,"column":43}}}},"statementMap":{"1":{"start":{"line":1,"column":0},"end":{"line":22,"column":3}},"2":{"start":{"line":3,"column":4},"end":{"line":20,"column":7}},"3":{"start":{"line":4,"column":8},"end":{"line":4,"column":57}},"4":{"start":{"line":5,"column":8},"end":{"line":5,"column":59}},"5":{"start":{"line":6,"column":8},"end":{"line":6,"column":49}},"6":{"start":{"line":8,"column":8},"end":{"line":8,"column":67}},"7":{"start":{"line":10,"column":8},"end":{"line":14,"column":11}},"8":{"start":{"line":16,"column":8},"end":{"line":19,"column":43}}},"branchMap":{}},"/Volumes/Dev/hellofresh/lentil/__tests__/ingredients/libsSpec.js":{"path":"/Volumes/Dev/hellofresh/lentil/__tests__/ingredients/libsSpec.js","s":{"1":1,"2":1,"3":1,"4":1,"5":1,"6":1,"7":1,"8":1,"9":1},"b":{},"f":{"1":1,"2":1},"fnMap":{"1":{"name":"(anonymous_1)","line":1,"loc":{"start":{"line":1,"column":33},"end":{"line":1,"column":44}}},"2":{"name":"(anonymous_2)","line":3,"loc":{"start":{"line":3,"column":44},"end":{"line":3,"column":55}}}},"statementMap":{"1":{"start":{"line":1,"column":0},"end":{"line":22,"column":3}},"2":{"start":{"line":3,"column":4},"end":{"line":20,"column":7}},"3":{"start":{"line":4,"column":8},"end":{"line":4,"column":57}},"4":{"start":{"line":5,"column":8},"end":{"line":5,"column":57}},"5":{"start":{"line":6,"column":8},"end":{"line":6,"column":49}},"6":{"start":{"line":8,"column":8},"end":{"line":8,"column":63}},"7":{"start":{"line":10,"column":8},"end":{"line":14,"column":11}},"8":{"start":{"line":16,"column":8},"end":{"line":18,"column":32}},"9":{"start":{"line":19,"column":8},"end":{"line":19,"column":57}}},"branchMap":{}},"/Volumes/Dev/hellofresh/lentil/__tests__/ingredients/sassSpec.js":{"path":"/Volumes/Dev/hellofresh/lentil/__tests__/ingredients/sassSpec.js","s":{"1":1,"2":1,"3":1,"4":1,"5":1,"6":1,"7":1,"8":1,"9":1},"b":{},"f":{"1":1,"2":1},"fnMap":{"1":{"name":"(anonymous_1)","line":1,"loc":{"start":{"line":1,"column":33},"end":{"line":1,"column":44}}},"2":{"name":"(anonymous_2)","line":3,"loc":{"start":{"line":3,"column":44},"end":{"line":3,"column":55}}}},"statementMap":{"1":{"start":{"line":1,"column":0},"end":{"line":22,"column":3}},"2":{"start":{"line":3,"column":4},"end":{"line":20,"column":7}},"3":{"start":{"line":4,"column":8},"end":{"line":4,"column":57}},"4":{"start":{"line":5,"column":8},"end":{"line":5,"column":57}},"5":{"start":{"line":6,"column":8},"end":{"line":6,"column":49}},"6":{"start":{"line":8,"column":8},"end":{"line":8,"column":63}},"7":{"start":{"line":10,"column":8},"end":{"line":14,"column":11}},"8":{"start":{"line":16,"column":8},"end":{"line":18,"column":32}},"9":{"start":{"line":19,"column":8},"end":{"line":19,"column":57}}},"branchMap":{}},"/Volumes/Dev/hellofresh/lentil/__tests__/ingredients/watchSpec.js":{"path":"/Volumes/Dev/hellofresh/lentil/__tests__/ingredients/watchSpec.js","s":{"1":1,"2":1,"3":1,"4":1,"5":1,"6":1},"b":{},"f":{"1":1,"2":1},"fnMap":{"1":{"name":"(anonymous_1)","line":1,"loc":{"start":{"line":1,"column":34},"end":{"line":1,"column":45}}},"2":{"name":"(anonymous_2)","line":3,"loc":{"start":{"line":3,"column":44},"end":{"line":3,"column":55}}}},"statementMap":{"1":{"start":{"line":1,"column":0},"end":{"line":12,"column":3}},"2":{"start":{"line":3,"column":4},"end":{"line":10,"column":7}},"3":{"start":{"line":4,"column":8},"end":{"line":4,"column":59}},"4":{"start":{"line":5,"column":8},"end":{"line":5,"column":49}},"5":{"start":{"line":7,"column":8},"end":{"line":7,"column":36}},"6":{"start":{"line":9,"column":8},"end":{"line":9,"column":65}}},"branchMap":{}},"/Volumes/Dev/hellofresh/lentil/__tests__/LentilSpec.js":{"path":"/Volumes/Dev/hellofresh/lentil/__tests__/LentilSpec.js","s":{"1":1,"2":1,"3":1,"4":1,"5":1,"6":1,"7":1,"8":1,"9":1,"10":1,"11":1,"12":1,"13":1,"14":1,"15":1,"16":1,"17":1,"18":1,"19":1,"20":1,"21":1,"22":1,"23":1,"24":1,"25":1,"26":1,"27":1,"28":1,"29":1,"30":1,"31":1,"32":1,"33":1},"b":{},"f":{"1":1,"2":1,"3":1,"4":1,"5":1},"fnMap":{"1":{"name":"(anonymous_1)","line":1,"loc":{"start":{"line":1,"column":23},"end":{"line":1,"column":34}}},"2":{"name":"(anonymous_2)","line":3,"loc":{"start":{"line":3,"column":31},"end":{"line":3,"column":42}}},"3":{"name":"(anonymous_3)","line":17,"loc":{"start":{"line":17,"column":30},"end":{"line":17,"column":41}}},"4":{"name":"(anonymous_4)","line":37,"loc":{"start":{"line":37,"column":28},"end":{"line":37,"column":39}}},"5":{"name":"(anonymous_5)","line":54,"loc":{"start":{"line":54,"column":23},"end":{"line":54,"column":34}}}},"statementMap":{"1":{"start":{"line":1,"column":0},"end":{"line":83,"column":3}},"2":{"start":{"line":3,"column":4},"end":{"line":15,"column":7}},"3":{"start":{"line":4,"column":8},"end":{"line":4,"column":46}},"4":{"start":{"line":5,"column":8},"end":{"line":5,"column":46}},"5":{"start":{"line":6,"column":8},"end":{"line":6,"column":54}},"6":{"start":{"line":8,"column":8},"end":{"line":8,"column":44}},"7":{"start":{"line":10,"column":8},"end":{"line":10,"column":36}},"8":{"start":{"line":11,"column":8},"end":{"line":11,"column":36}},"9":{"start":{"line":13,"column":8},"end":{"line":13,"column":46}},"10":{"start":{"line":14,"column":8},"end":{"line":14,"column":71}},"11":{"start":{"line":17,"column":4},"end":{"line":35,"column":7}},"12":{"start":{"line":18,"column":8},"end":{"line":18,"column":46}},"13":{"start":{"line":19,"column":8},"end":{"line":19,"column":54}},"14":{"start":{"line":21,"column":8},"end":{"line":21,"column":55}},"15":{"start":{"line":23,"column":8},"end":{"line":30,"column":10}},"16":{"start":{"line":32,"column":8},"end":{"line":32,"column":46}},"17":{"start":{"line":34,"column":8},"end":{"line":34,"column":59}},"18":{"start":{"line":37,"column":4},"end":{"line":52,"column":7}},"19":{"start":{"line":38,"column":8},"end":{"line":38,"column":46}},"20":{"start":{"line":40,"column":8},"end":{"line":47,"column":10}},"21":{"start":{"line":49,"column":8},"end":{"line":49,"column":46}},"22":{"start":{"line":51,"column":8},"end":{"line":51,"column":51}},"23":{"start":{"line":54,"column":4},"end":{"line":81,"column":7}},"24":{"start":{"line":55,"column":8},"end":{"line":55,"column":46}},"25":{"start":{"line":56,"column":8},"end":{"line":56,"column":54}},"26":{"start":{"line":58,"column":8},"end":{"line":58,"column":64}},"27":{"start":{"line":60,"column":8},"end":{"line":70,"column":10}},"28":{"start":{"line":72,"column":8},"end":{"line":72,"column":46}},"29":{"start":{"line":74,"column":8},"end":{"line":74,"column":37}},"30":{"start":{"line":75,"column":8},"end":{"line":75,"column":35}},"31":{"start":{"line":77,"column":8},"end":{"line":77,"column":23}},"32":{"start":{"line":79,"column":8},"end":{"line":79,"column":64}},"33":{"start":{"line":80,"column":8},"end":{"line":80,"column":52}}},"branchMap":{}},"/Volumes/Dev/hellofresh/lentil/__tests__/paths/angularSpec.js":{"path":"/Volumes/Dev/hellofresh/lentil/__tests__/paths/angularSpec.js","s":{"1":1,"2":1,"3":1,"4":1,"5":1,"6":1,"7":1,"8":1},"b":{},"f":{"1":1,"2":1},"fnMap":{"1":{"name":"(anonymous_1)","line":1,"loc":{"start":{"line":1,"column":30},"end":{"line":1,"column":41}}},"2":{"name":"(anonymous_2)","line":3,"loc":{"start":{"line":3,"column":30},"end":{"line":3,"column":41}}}},"statementMap":{"1":{"start":{"line":1,"column":0},"end":{"line":15,"column":3}},"2":{"start":{"line":3,"column":4},"end":{"line":13,"column":7}},"3":{"start":{"line":4,"column":8},"end":{"line":4,"column":49}},"4":{"start":{"line":5,"column":8},"end":{"line":5,"column":57}},"5":{"start":{"line":7,"column":8},"end":{"line":7,"column":61}},"6":{"start":{"line":9,"column":8},"end":{"line":9,"column":36}},"7":{"start":{"line":11,"column":8},"end":{"line":11,"column":61}},"8":{"start":{"line":12,"column":8},"end":{"line":12,"column":69}}},"branchMap":{}},"/Volumes/Dev/hellofresh/lentil/__tests__/paths/angularTemplatesSpec.js":{"path":"/Volumes/Dev/hellofresh/lentil/__tests__/paths/angularTemplatesSpec.js","s":{"1":1,"2":1,"3":1,"4":1,"5":1,"6":1,"7":1,"8":1},"b":{},"f":{"1":1,"2":1},"fnMap":{"1":{"name":"(anonymous_1)","line":1,"loc":{"start":{"line":1,"column":39},"end":{"line":1,"column":50}}},"2":{"name":"(anonymous_2)","line":3,"loc":{"start":{"line":3,"column":30},"end":{"line":3,"column":41}}}},"statementMap":{"1":{"start":{"line":1,"column":0},"end":{"line":15,"column":3}},"2":{"start":{"line":3,"column":4},"end":{"line":13,"column":7}},"3":{"start":{"line":4,"column":8},"end":{"line":4,"column":49}},"4":{"start":{"line":5,"column":8},"end":{"line":5,"column":57}},"5":{"start":{"line":7,"column":8},"end":{"line":7,"column":61}},"6":{"start":{"line":9,"column":8},"end":{"line":9,"column":36}},"7":{"start":{"line":11,"column":8},"end":{"line":11,"column":79}},"8":{"start":{"line":12,"column":8},"end":{"line":12,"column":78}}},"branchMap":{}},"/Volumes/Dev/hellofresh/lentil/__tests__/paths/jsSpec.js":{"path":"/Volumes/Dev/hellofresh/lentil/__tests__/paths/jsSpec.js","s":{"1":1,"2":1,"3":1,"4":1,"5":1,"6":1,"7":1,"8":1},"b":{},"f":{"1":1,"2":1},"fnMap":{"1":{"name":"(anonymous_1)","line":1,"loc":{"start":{"line":1,"column":25},"end":{"line":1,"column":36}}},"2":{"name":"(anonymous_2)","line":3,"loc":{"start":{"line":3,"column":30},"end":{"line":3,"column":41}}}},"statementMap":{"1":{"start":{"line":1,"column":0},"end":{"line":15,"column":3}},"2":{"start":{"line":3,"column":4},"end":{"line":13,"column":7}},"3":{"start":{"line":4,"column":8},"end":{"line":4,"column":49}},"4":{"start":{"line":5,"column":8},"end":{"line":5,"column":57}},"5":{"start":{"line":7,"column":8},"end":{"line":7,"column":61}},"6":{"start":{"line":9,"column":8},"end":{"line":9,"column":36}},"7":{"start":{"line":11,"column":8},"end":{"line":11,"column":51}},"8":{"start":{"line":12,"column":8},"end":{"line":12,"column":62}}},"branchMap":{}},"/Volumes/Dev/hellofresh/lentil/__tests__/paths/karmaSpec.js":{"path":"/Volumes/Dev/hellofresh/lentil/__tests__/paths/karmaSpec.js","s":{"1":1,"2":1,"3":1,"4":1,"5":1,"6":1},"b":{},"f":{"1":1,"2":1},"fnMap":{"1":{"name":"(anonymous_1)","line":1,"loc":{"start":{"line":1,"column":28},"end":{"line":1,"column":39}}},"2":{"name":"(anonymous_2)","line":3,"loc":{"start":{"line":3,"column":30},"end":{"line":3,"column":41}}}},"statementMap":{"1":{"start":{"line":1,"column":0},"end":{"line":19,"column":3}},"2":{"start":{"line":3,"column":4},"end":{"line":17,"column":7}},"3":{"start":{"line":4,"column":8},"end":{"line":4,"column":49}},"4":{"start":{"line":6,"column":8},"end":{"line":13,"column":11}},"5":{"start":{"line":15,"column":8},"end":{"line":15,"column":57}},"6":{"start":{"line":16,"column":8},"end":{"line":16,"column":57}}},"branchMap":{}},"/Volumes/Dev/hellofresh/lentil/__tests__/paths/libsSpec.js":{"path":"/Volumes/Dev/hellofresh/lentil/__tests__/paths/libsSpec.js","s":{"1":1,"2":1,"3":1,"4":1,"5":1,"6":1,"7":1,"8":1},"b":{},"f":{"1":1,"2":1},"fnMap":{"1":{"name":"(anonymous_1)","line":1,"loc":{"start":{"line":1,"column":27},"end":{"line":1,"column":38}}},"2":{"name":"(anonymous_2)","line":3,"loc":{"start":{"line":3,"column":30},"end":{"line":3,"column":41}}}},"statementMap":{"1":{"start":{"line":1,"column":0},"end":{"line":17,"column":3}},"2":{"start":{"line":3,"column":4},"end":{"line":15,"column":7}},"3":{"start":{"line":4,"column":8},"end":{"line":4,"column":49}},"4":{"start":{"line":5,"column":8},"end":{"line":5,"column":57}},"5":{"start":{"line":7,"column":8},"end":{"line":7,"column":61}},"6":{"start":{"line":9,"column":8},"end":{"line":9,"column":36}},"7":{"start":{"line":11,"column":8},"end":{"line":11,"column":55}},"8":{"start":{"line":12,"column":8},"end":{"line":14,"column":30}}},"branchMap":{}},"/Volumes/Dev/hellofresh/lentil/__tests__/paths/sassSpec.js":{"path":"/Volumes/Dev/hellofresh/lentil/__tests__/paths/sassSpec.js","s":{"1":1,"2":1,"3":1,"4":1,"5":1,"6":1,"7":1,"8":1},"b":{},"f":{"1":1,"2":1},"fnMap":{"1":{"name":"(anonymous_1)","line":1,"loc":{"start":{"line":1,"column":27},"end":{"line":1,"column":38}}},"2":{"name":"(anonymous_2)","line":3,"loc":{"start":{"line":3,"column":30},"end":{"line":3,"column":41}}}},"statementMap":{"1":{"start":{"line":1,"column":0},"end":{"line":15,"column":3}},"2":{"start":{"line":3,"column":4},"end":{"line":13,"column":7}},"3":{"start":{"line":4,"column":8},"end":{"line":4,"column":49}},"4":{"start":{"line":5,"column":8},"end":{"line":5,"column":57}},"5":{"start":{"line":7,"column":8},"end":{"line":7,"column":61}},"6":{"start":{"line":9,"column":8},"end":{"line":9,"column":36}},"7":{"start":{"line":11,"column":8},"end":{"line":11,"column":55}},"8":{"start":{"line":12,"column":8},"end":{"line":12,"column":73}}},"branchMap":{}},"/Volumes/Dev/hellofresh/lentil/__tests__/TaskContainerSpec.js":{"path":"/Volumes/Dev/hellofresh/lentil/__tests__/TaskContainerSpec.js","s":{"1":1,"2":1,"3":1,"4":1,"5":1,"6":1,"7":1,"8":1,"9":1,"10":1,"11":1,"12":1,"13":1,"14":1,"15":1},"b":{},"f":{"1":1,"2":1,"3":1,"4":1,"5":1,"6":1},"fnMap":{"1":{"name":"(anonymous_1)","line":1,"loc":{"start":{"line":1,"column":30},"end":{"line":1,"column":41}}},"2":{"name":"(anonymous_2)","line":3,"loc":{"start":{"line":3,"column":28},"end":{"line":3,"column":39}}},"3":{"name":"(anonymous_3)","line":11,"loc":{"start":{"line":11,"column":49},"end":{"line":11,"column":60}}},"4":{"name":"(anonymous_4)","line":14,"loc":{"start":{"line":14,"column":15},"end":{"line":14,"column":26}}},"5":{"name":"(anonymous_5)","line":19,"loc":{"start":{"line":19,"column":38},"end":{"line":19,"column":49}}},"6":{"name":"(anonymous_6)","line":25,"loc":{"start":{"line":25,"column":32},"end":{"line":25,"column":43}}}},"statementMap":{"1":{"start":{"line":1,"column":0},"end":{"line":31,"column":3}},"2":{"start":{"line":3,"column":4},"end":{"line":9,"column":7}},"3":{"start":{"line":4,"column":8},"end":{"line":4,"column":60}},"4":{"start":{"line":6,"column":8},"end":{"line":6,"column":37}},"5":{"start":{"line":8,"column":8},"end":{"line":8,"column":68}},"6":{"start":{"line":11,"column":4},"end":{"line":17,"column":7}},"7":{"start":{"line":12,"column":8},"end":{"line":12,"column":60}},"8":{"start":{"line":14,"column":8},"end":{"line":16,"column":82}},"9":{"start":{"line":15,"column":12},"end":{"line":15,"column":41}},"10":{"start":{"line":19,"column":4},"end":{"line":23,"column":7}},"11":{"start":{"line":20,"column":8},"end":{"line":20,"column":60}},"12":{"start":{"line":22,"column":8},"end":{"line":22,"column":84}},"13":{"start":{"line":25,"column":4},"end":{"line":29,"column":7}},"14":{"start":{"line":26,"column":8},"end":{"line":26,"column":60}},"15":{"start":{"line":28,"column":8},"end":{"line":28,"column":73}}},"branchMap":{}},"/Volumes/Dev/hellofresh/lentil/__tests__/TaskRunnerSpec.js":{"path":"/Volumes/Dev/hellofresh/lentil/__tests__/TaskRunnerSpec.js","s":{"1":1,"2":1,"3":1,"4":1,"5":1,"6":1,"7":1,"8":1,"9":1,"10":1,"11":1,"12":1,"13":1,"14":1,"15":1,"16":1,"17":1,"18":1,"19":1,"20":1,"21":1,"22":1,"23":1,"24":1,"25":1,"26":1,"27":1,"28":1,"29":1,"30":1},"b":{},"f":{"1":1,"2":1,"3":1,"4":1,"5":1,"6":1},"fnMap":{"1":{"name":"(anonymous_1)","line":1,"loc":{"start":{"line":1,"column":27},"end":{"line":1,"column":38}}},"2":{"name":"(anonymous_2)","line":3,"loc":{"start":{"line":3,"column":35},"end":{"line":3,"column":46}}},"3":{"name":"(anonymous_3)","line":11,"loc":{"start":{"line":11,"column":28},"end":{"line":11,"column":39}}},"4":{"name":"(anonymous_4)","line":24,"loc":{"start":{"line":24,"column":36},"end":{"line":24,"column":47}}},"5":{"name":"(anonymous_5)","line":33,"loc":{"start":{"line":33,"column":15},"end":{"line":33,"column":26}}},"6":{"name":"(anonymous_6)","line":38,"loc":{"start":{"line":38,"column":41},"end":{"line":38,"column":52}}}},"statementMap":{"1":{"start":{"line":1,"column":0},"end":{"line":52,"column":3}},"2":{"start":{"line":3,"column":4},"end":{"line":9,"column":7}},"3":{"start":{"line":4,"column":8},"end":{"line":4,"column":54}},"4":{"start":{"line":6,"column":8},"end":{"line":6,"column":49}},"5":{"start":{"line":8,"column":8},"end":{"line":8,"column":49}},"6":{"start":{"line":11,"column":4},"end":{"line":22,"column":7}},"7":{"start":{"line":12,"column":8},"end":{"line":12,"column":60}},"8":{"start":{"line":13,"column":8},"end":{"line":13,"column":54}},"9":{"start":{"line":15,"column":8},"end":{"line":15,"column":49}},"10":{"start":{"line":17,"column":8},"end":{"line":17,"column":49}},"11":{"start":{"line":18,"column":8},"end":{"line":18,"column":36}},"12":{"start":{"line":20,"column":8},"end":{"line":20,"column":33}},"13":{"start":{"line":21,"column":8},"end":{"line":21,"column":97}},"14":{"start":{"line":24,"column":4},"end":{"line":36,"column":7}},"15":{"start":{"line":25,"column":8},"end":{"line":25,"column":60}},"16":{"start":{"line":26,"column":8},"end":{"line":26,"column":54}},"17":{"start":{"line":28,"column":8},"end":{"line":28,"column":51}},"18":{"start":{"line":30,"column":8},"end":{"line":30,"column":49}},"19":{"start":{"line":31,"column":8},"end":{"line":31,"column":36}},"20":{"start":{"line":33,"column":8},"end":{"line":35,"column":61}},"21":{"start":{"line":34,"column":12},"end":{"line":34,"column":36}},"22":{"start":{"line":38,"column":4},"end":{"line":50,"column":7}},"23":{"start":{"line":39,"column":8},"end":{"line":39,"column":60}},"24":{"start":{"line":40,"column":8},"end":{"line":40,"column":54}},"25":{"start":{"line":42,"column":8},"end":{"line":42,"column":36}},"26":{"start":{"line":43,"column":8},"end":{"line":43,"column":71}},"27":{"start":{"line":45,"column":8},"end":{"line":45,"column":46}},"28":{"start":{"line":46,"column":8},"end":{"line":46,"column":59}},"29":{"start":{"line":48,"column":8},"end":{"line":48,"column":65}},"30":{"start":{"line":49,"column":8},"end":{"line":49,"column":110}}},"branchMap":{}},"/Volumes/Dev/hellofresh/lentil/__tests__/TesterSpec.js":{"path":"/Volumes/Dev/hellofresh/lentil/__tests__/TesterSpec.js","s":{"1":1,"2":1,"3":1,"4":1,"5":1,"6":1,"7":1,"8":1,"9":1,"10":1,"11":1,"12":1,"13":1,"14":1,"15":1,"16":1,"17":1},"b":{},"f":{"1":1,"2":1,"3":1},"fnMap":{"1":{"name":"(anonymous_1)","line":1,"loc":{"start":{"line":1,"column":23},"end":{"line":1,"column":34}}},"2":{"name":"(anonymous_2)","line":3,"loc":{"start":{"line":3,"column":38},"end":{"line":3,"column":49}}},"3":{"name":"(anonymous_3)","line":10,"loc":{"start":{"line":10,"column":32},"end":{"line":10,"column":43}}}},"statementMap":{"1":{"start":{"line":1,"column":0},"end":{"line":31,"column":3}},"2":{"start":{"line":3,"column":4},"end":{"line":8,"column":7}},"3":{"start":{"line":4,"column":8},"end":{"line":4,"column":46}},"4":{"start":{"line":6,"column":8},"end":{"line":6,"column":34}},"5":{"start":{"line":7,"column":8},"end":{"line":7,"column":45}},"6":{"start":{"line":10,"column":4},"end":{"line":29,"column":7}},"7":{"start":{"line":11,"column":8},"end":{"line":11,"column":46}},"8":{"start":{"line":12,"column":8},"end":{"line":12,"column":60}},"9":{"start":{"line":13,"column":8},"end":{"line":13,"column":54}},"10":{"start":{"line":15,"column":8},"end":{"line":15,"column":36}},"11":{"start":{"line":16,"column":8},"end":{"line":16,"column":47}},"12":{"start":{"line":18,"column":8},"end":{"line":18,"column":34}},"13":{"start":{"line":20,"column":8},"end":{"line":20,"column":28}},"14":{"start":{"line":21,"column":8},"end":{"line":21,"column":82}},"15":{"start":{"line":22,"column":8},"end":{"line":22,"column":85}},"16":{"start":{"line":23,"column":8},"end":{"line":25,"column":11}},"17":{"start":{"line":26,"column":8},"end":{"line":28,"column":11}}},"branchMap":{}},"/Volumes/Dev/hellofresh/lentil/lib/Bundler.js":{"path":"/Volumes/Dev/hellofresh/lentil/lib/Bundler.js","s":{"1":1,"2":1,"3":1,"4":1,"5":4,"6":1,"7":2,"8":3,"9":3,"10":11,"11":2,"12":7,"13":1,"14":2,"15":3,"16":3,"17":12,"18":3,"19":12,"20":2,"21":1},"b":{"1":[12,10],"2":[12,8]},"f":{"1":1,"2":4,"3":2,"4":0,"5":11,"6":0,"7":7,"8":2,"9":0,"10":12,"11":0,"12":12},"fnMap":{"1":{"name":"(anonymous_1)","line":3,"loc":{"start":{"line":3,"column":18},"end":{"line":3,"column":29}}},"2":{"name":"(anonymous_2)","line":7,"loc":{"start":{"line":7,"column":18},"end":{"line":7,"column":34}}},"3":{"name":"(anonymous_3)","line":11,"loc":{"start":{"line":11,"column":41},"end":{"line":11,"column":62}}},"4":{"name":"(anonymous_4)","line":15,"loc":{"start":{"line":15,"column":41},"end":{"line":15,"column":52}}},"5":{"name":"(anonymous_5)","line":15,"loc":{"start":{"line":15,"column":74},"end":{"line":15,"column":89}}},"6":{"name":"(anonymous_6)","line":20,"loc":{"start":{"line":20,"column":35},"end":{"line":20,"column":46}}},"7":{"name":"(anonymous_7)","line":20,"loc":{"start":{"line":20,"column":68},"end":{"line":20,"column":83}}},"8":{"name":"(anonymous_8)","line":25,"loc":{"start":{"line":25,"column":42},"end":{"line":25,"column":76}}},"9":{"name":"(anonymous_9)","line":31,"loc":{"start":{"line":31,"column":16},"end":{"line":31,"column":27}}},"10":{"name":"(anonymous_10)","line":31,"loc":{"start":{"line":31,"column":49},"end":{"line":31,"column":64}}},"11":{"name":"(anonymous_11)","line":35,"loc":{"start":{"line":35,"column":42},"end":{"line":35,"column":53}}},"12":{"name":"(anonymous_12)","line":35,"loc":{"start":{"line":35,"column":75},"end":{"line":35,"column":90}}}},"statementMap":{"1":{"start":{"line":1,"column":0},"end":{"line":1,"column":17}},"2":{"start":{"line":3,"column":0},"end":{"line":45,"column":5}},"3":{"start":{"line":5,"column":4},"end":{"line":5,"column":51}},"4":{"start":{"line":7,"column":4},"end":{"line":9,"column":6}},"5":{"start":{"line":8,"column":8},"end":{"line":8,"column":27}},"6":{"start":{"line":11,"column":4},"end":{"line":23,"column":6}},"7":{"start":{"line":12,"column":8},"end":{"line":18,"column":9}},"8":{"start":{"line":13,"column":12},"end":{"line":13,"column":42}},"9":{"start":{"line":15,"column":12},"end":{"line":17,"column":16}},"10":{"start":{"line":16,"column":16},"end":{"line":16,"column":48}},"11":{"start":{"line":20,"column":8},"end":{"line":22,"column":12}},"12":{"start":{"line":21,"column":12},"end":{"line":21,"column":42}},"13":{"start":{"line":25,"column":4},"end":{"line":41,"column":6}},"14":{"start":{"line":26,"column":8},"end":{"line":38,"column":9}},"15":{"start":{"line":27,"column":12},"end":{"line":27,"column":44}},"16":{"start":{"line":29,"column":12},"end":{"line":33,"column":16}},"17":{"start":{"line":32,"column":16},"end":{"line":32,"column":77}},"18":{"start":{"line":35,"column":12},"end":{"line":37,"column":16}},"19":{"start":{"line":36,"column":16},"end":{"line":36,"column":84}},"20":{"start":{"line":40,"column":8},"end":{"line":40,"column":42}},"21":{"start":{"line":43,"column":4},"end":{"line":43,"column":19}}},"branchMap":{"1":{"line":32,"type":"binary-expr","locations":[{"start":{"line":32,"column":23},"end":{"line":32,"column":50}},{"start":{"line":32,"column":54},"end":{"line":32,"column":76}}]},"2":{"line":36,"type":"binary-expr","locations":[{"start":{"line":36,"column":23},"end":{"line":36,"column":56}},{"start":{"line":36,"column":60},"end":{"line":36,"column":83}}]}}},"/Volumes/Dev/hellofresh/lentil/lib/TaskContainer.js":{"path":"/Volumes/Dev/hellofresh/lentil/lib/TaskContainer.js","s":{"1":1,"2":1,"3":1,"4":1,"5":14,"6":1,"7":13,"8":5,"9":13,"10":4,"11":2,"12":1},"b":{"1":[1,13],"2":[5,8]},"f":{"1":1,"2":14,"3":4,"4":2},"fnMap":{"1":{"name":"(anonymous_1)","line":3,"loc":{"start":{"line":3,"column":18},"end":{"line":3,"column":29}}},"2":{"name":"(anonymous_2)","line":9,"loc":{"start":{"line":9,"column":13},"end":{"line":9,"column":40}}},"3":{"name":"(anonymous_3)","line":22,"loc":{"start":{"line":22,"column":26},"end":{"line":22,"column":53}}},"4":{"name":"(anonymous_4)","line":28,"loc":{"start":{"line":28,"column":22},"end":{"line":28,"column":33}}}},"statementMap":{"1":{"start":{"line":1,"column":0},"end":{"line":1,"column":17}},"2":{"start":{"line":3,"column":0},"end":{"line":35,"column":5}},"3":{"start":{"line":5,"column":4},"end":{"line":5,"column":31}},"4":{"start":{"line":7,"column":4},"end":{"line":31,"column":6}},"5":{"start":{"line":10,"column":12},"end":{"line":14,"column":13}},"6":{"start":{"line":11,"column":16},"end":{"line":13,"column":20}},"7":{"start":{"line":16,"column":12},"end":{"line":18,"column":13}},"8":{"start":{"line":17,"column":16},"end":{"line":17,"column":26}},"9":{"start":{"line":20,"column":12},"end":{"line":20,"column":63}},"10":{"start":{"line":23,"column":12},"end":{"line":26,"column":15}},"11":{"start":{"line":29,"column":12},"end":{"line":29,"column":47}},"12":{"start":{"line":33,"column":4},"end":{"line":33,"column":25}}},"branchMap":{"1":{"line":10,"type":"if","locations":[{"start":{"line":10,"column":12},"end":{"line":10,"column":12}},{"start":{"line":10,"column":12},"end":{"line":10,"column":12}}]},"2":{"line":16,"type":"if","locations":[{"start":{"line":16,"column":12},"end":{"line":16,"column":12}},{"start":{"line":16,"column":12},"end":{"line":16,"column":12}}]}}},"/Volumes/Dev/hellofresh/lentil/lib/Config.js":{"path":"/Volumes/Dev/hellofresh/lentil/lib/Config.js","s":{"1":1,"2":1,"3":1,"4":25,"5":1,"6":37,"7":37,"8":37,"9":57,"10":57,"11":16,"12":21,"13":1,"14":12,"15":1},"b":{"1":[16,41],"2":[11,1]},"f":{"1":1,"2":25,"3":37,"4":12},"fnMap":{"1":{"name":"(anonymous_1)","line":3,"loc":{"start":{"line":3,"column":18},"end":{"line":3,"column":29}}},"2":{"name":"(anonymous_2)","line":5,"loc":{"start":{"line":5,"column":17},"end":{"line":5,"column":34}}},"3":{"name":"(anonymous_3)","line":9,"loc":{"start":{"line":9,"column":27},"end":{"line":9,"column":56}}},"4":{"name":"(anonymous_4)","line":24,"loc":{"start":{"line":24,"column":36},"end":{"line":24,"column":64}}}},"statementMap":{"1":{"start":{"line":1,"column":0},"end":{"line":1,"column":17}},"2":{"start":{"line":3,"column":0},"end":{"line":30,"column":5}},"3":{"start":{"line":5,"column":4},"end":{"line":7,"column":6}},"4":{"start":{"line":6,"column":8},"end":{"line":6,"column":46}},"5":{"start":{"line":9,"column":4},"end":{"line":22,"column":6}},"6":{"start":{"line":10,"column":8},"end":{"line":10,"column":36}},"7":{"start":{"line":12,"column":8},"end":{"line":12,"column":54}},"8":{"start":{"line":13,"column":8},"end":{"line":19,"column":9}},"9":{"start":{"line":14,"column":12},"end":{"line":14,"column":47}},"10":{"start":{"line":16,"column":12},"end":{"line":18,"column":13}},"11":{"start":{"line":17,"column":16},"end":{"line":17,"column":36}},"12":{"start":{"line":21,"column":8},"end":{"line":21,"column":26}},"13":{"start":{"line":24,"column":4},"end":{"line":26,"column":6}},"14":{"start":{"line":25,"column":8},"end":{"line":25,"column":81}},"15":{"start":{"line":28,"column":4},"end":{"line":28,"column":18}}},"branchMap":{"1":{"line":16,"type":"if","locations":[{"start":{"line":16,"column":12},"end":{"line":16,"column":12}},{"start":{"line":16,"column":12},"end":{"line":16,"column":12}}]},"2":{"line":25,"type":"cond-expr","locations":[{"start":{"line":25,"column":43},"end":{"line":25,"column":55}},{"start":{"line":25,"column":58},"end":{"line":25,"column":60}}]}}},"/Volumes/Dev/hellofresh/lentil/lib/Deployer.js":{"path":"/Volumes/Dev/hellofresh/lentil/lib/Deployer.js","s":{"1":1,"2":1,"3":1,"4":1,"5":1,"6":3,"7":1,"8":3,"9":1},"b":{},"f":{"1":1,"2":3,"3":3},"fnMap":{"1":{"name":"(anonymous_1)","line":3,"loc":{"start":{"line":3,"column":18},"end":{"line":3,"column":29}}},"2":{"name":"(anonymous_2)","line":8,"loc":{"start":{"line":8,"column":19},"end":{"line":8,"column":40}}},"3":{"name":"(anonymous_3)","line":12,"loc":{"start":{"line":12,"column":36},"end":{"line":12,"column":53}}}},"statementMap":{"1":{"start":{"line":1,"column":0},"end":{"line":1,"column":17}},"2":{"start":{"line":3,"column":0},"end":{"line":18,"column":5}},"3":{"start":{"line":5,"column":4},"end":{"line":5,"column":51}},"4":{"start":{"line":6,"column":4},"end":{"line":6,"column":45}},"5":{"start":{"line":8,"column":4},"end":{"line":10,"column":6}},"6":{"start":{"line":9,"column":8},"end":{"line":9,"column":37}},"7":{"start":{"line":12,"column":4},"end":{"line":14,"column":6}},"8":{"start":{"line":13,"column":8},"end":{"line":13,"column":92}},"9":{"start":{"line":16,"column":4},"end":{"line":16,"column":20}}},"branchMap":{}},"/Volumes/Dev/hellofresh/lentil/lib/TaskRunner.js":{"path":"/Volumes/Dev/hellofresh/lentil/lib/TaskRunner.js","s":{"1":1,"2":1,"3":1,"4":1,"5":6,"6":1,"7":1,"8":1,"9":4,"10":1,"11":3,"12":3,"13":3,"14":1,"15":3,"16":3,"17":1},"b":{"1":[1,3]},"f":{"1":1,"2":6,"3":4,"4":3},"fnMap":{"1":{"name":"(anonymous_1)","line":3,"loc":{"start":{"line":3,"column":18},"end":{"line":3,"column":29}}},"2":{"name":"(anonymous_2)","line":7,"loc":{"start":{"line":7,"column":21},"end":{"line":7,"column":36}}},"3":{"name":"(anonymous_3)","line":31,"loc":{"start":{"line":31,"column":33},"end":{"line":31,"column":59}}},"4":{"name":"(anonymous_4)","line":42,"loc":{"start":{"line":42,"column":47},"end":{"line":42,"column":88}}}},"statementMap":{"1":{"start":{"line":1,"column":0},"end":{"line":1,"column":17}},"2":{"start":{"line":3,"column":0},"end":{"line":55,"column":5}},"3":{"start":{"line":5,"column":4},"end":{"line":5,"column":51}},"4":{"start":{"line":7,"column":4},"end":{"line":9,"column":6}},"5":{"start":{"line":8,"column":8},"end":{"line":8,"column":25}},"6":{"start":{"line":11,"column":4},"end":{"line":18,"column":6}},"7":{"start":{"line":20,"column":4},"end":{"line":29,"column":6}},"8":{"start":{"line":31,"column":4},"end":{"line":40,"column":6}},"9":{"start":{"line":32,"column":8},"end":{"line":34,"column":9}},"10":{"start":{"line":33,"column":12},"end":{"line":33,"column":64}},"11":{"start":{"line":36,"column":8},"end":{"line":36,"column":79}},"12":{"start":{"line":37,"column":8},"end":{"line":37,"column":88}},"13":{"start":{"line":39,"column":8},"end":{"line":39,"column":60}},"14":{"start":{"line":42,"column":4},"end":{"line":51,"column":6}},"15":{"start":{"line":43,"column":8},"end":{"line":45,"column":11}},"16":{"start":{"line":47,"column":8},"end":{"line":50,"column":29}},"17":{"start":{"line":53,"column":4},"end":{"line":53,"column":22}}},"branchMap":{"1":{"line":32,"type":"if","locations":[{"start":{"line":32,"column":8},"end":{"line":32,"column":8}},{"start":{"line":32,"column":8},"end":{"line":32,"column":8}}]}}},"/Volumes/Dev/hellofresh/lentil/lib/paths/js.js":{"path":"/Volumes/Dev/hellofresh/lentil/lib/paths/js.js","s":{"1":1,"2":1,"3":1,"4":1},"b":{},"f":{"1":1,"2":1},"fnMap":{"1":{"name":"(anonymous_1)","line":1,"loc":{"start":{"line":1,"column":18},"end":{"line":1,"column":29}}},"2":{"name":"(anonymous_2)","line":5,"loc":{"start":{"line":5,"column":11},"end":{"line":5,"column":37}}}},"statementMap":{"1":{"start":{"line":1,"column":0},"end":{"line":11,"column":5}},"2":{"start":{"line":3,"column":4},"end":{"line":3,"column":46}},"3":{"start":{"line":5,"column":4},"end":{"line":9,"column":6}},"4":{"start":{"line":6,"column":8},"end":{"line":8,"column":10}}},"branchMap":{}},"/Volumes/Dev/hellofresh/lentil/lib/FileSystem.js":{"path":"/Volumes/Dev/hellofresh/lentil/lib/FileSystem.js","s":{"1":1,"2":1,"3":1,"4":1,"5":1,"6":3,"7":23,"8":3,"9":3,"10":2,"11":1,"12":1},"b":{},"f":{"1":1,"2":3,"3":23,"4":3,"5":2,"6":1},"fnMap":{"1":{"name":"(anonymous_1)","line":3,"loc":{"start":{"line":3,"column":18},"end":{"line":3,"column":29}}},"2":{"name":"(anonymous_2)","line":9,"loc":{"start":{"line":9,"column":24},"end":{"line":9,"column":43}}},"3":{"name":"(anonymous_3)","line":10,"loc":{"start":{"line":10,"column":51},"end":{"line":10,"column":66}}},"4":{"name":"(anonymous_4)","line":14,"loc":{"start":{"line":14,"column":24},"end":{"line":14,"column":41}}},"5":{"name":"(anonymous_5)","line":19,"loc":{"start":{"line":19,"column":23},"end":{"line":19,"column":60}}},"6":{"name":"(anonymous_6)","line":26,"loc":{"start":{"line":26,"column":19},"end":{"line":26,"column":56}}}},"statementMap":{"1":{"start":{"line":1,"column":0},"end":{"line":1,"column":17}},"2":{"start":{"line":3,"column":0},"end":{"line":33,"column":5}},"3":{"start":{"line":5,"column":4},"end":{"line":5,"column":31}},"4":{"start":{"line":6,"column":4},"end":{"line":6,"column":27}},"5":{"start":{"line":8,"column":4},"end":{"line":29,"column":6}},"6":{"start":{"line":10,"column":12},"end":{"line":12,"column":15}},"7":{"start":{"line":11,"column":16},"end":{"line":11,"column":76}},"8":{"start":{"line":15,"column":12},"end":{"line":15,"column":58}},"9":{"start":{"line":17,"column":12},"end":{"line":17,"column":52}},"10":{"start":{"line":20,"column":12},"end":{"line":24,"column":15}},"11":{"start":{"line":27,"column":12},"end":{"line":27,"column":81}},"12":{"start":{"line":31,"column":4},"end":{"line":31,"column":22}}},"branchMap":{}},"/Volumes/Dev/hellofresh/lentil/lib/paths/sass.js":{"path":"/Volumes/Dev/hellofresh/lentil/lib/paths/sass.js","s":{"1":1,"2":1,"3":1,"4":1},"b":{},"f":{"1":1,"2":1},"fnMap":{"1":{"name":"(anonymous_1)","line":1,"loc":{"start":{"line":1,"column":18},"end":{"line":1,"column":29}}},"2":{"name":"(anonymous_2)","line":5,"loc":{"start":{"line":5,"column":11},"end":{"line":5,"column":37}}}},"statementMap":{"1":{"start":{"line":1,"column":0},"end":{"line":11,"column":5}},"2":{"start":{"line":3,"column":4},"end":{"line":3,"column":46}},"3":{"start":{"line":5,"column":4},"end":{"line":9,"column":6}},"4":{"start":{"line":6,"column":8},"end":{"line":8,"column":10}}},"branchMap":{}},"/Volumes/Dev/hellofresh/lentil/lib/paths/angularTemplates.js":{"path":"/Volumes/Dev/hellofresh/lentil/lib/paths/angularTemplates.js","s":{"1":1,"2":1,"3":1,"4":1,"5":1,"6":1},"b":{},"f":{"1":1,"2":1},"fnMap":{"1":{"name":"(anonymous_1)","line":1,"loc":{"start":{"line":1,"column":18},"end":{"line":1,"column":29}}},"2":{"name":"(anonymous_2)","line":5,"loc":{"start":{"line":5,"column":11},"end":{"line":5,"column":37}}}},"statementMap":{"1":{"start":{"line":1,"column":0},"end":{"line":15,"column":5}},"2":{"start":{"line":3,"column":4},"end":{"line":3,"column":46}},"3":{"start":{"line":5,"column":4},"end":{"line":13,"column":6}},"4":{"start":{"line":6,"column":8},"end":{"line":6,"column":93}},"5":{"start":{"line":7,"column":8},"end":{"line":7,"column":92}},"6":{"start":{"line":9,"column":8},"end":{"line":12,"column":10}}},"branchMap":{}},"/Volumes/Dev/hellofresh/lentil/lib/paths/angular.js":{"path":"/Volumes/Dev/hellofresh/lentil/lib/paths/angular.js","s":{"1":1,"2":1,"3":1,"4":2,"5":2},"b":{},"f":{"1":1,"2":2},"fnMap":{"1":{"name":"(anonymous_1)","line":1,"loc":{"start":{"line":1,"column":18},"end":{"line":1,"column":29}}},"2":{"name":"(anonymous_2)","line":5,"loc":{"start":{"line":5,"column":11},"end":{"line":5,"column":37}}}},"statementMap":{"1":{"start":{"line":1,"column":0},"end":{"line":15,"column":5}},"2":{"start":{"line":3,"column":4},"end":{"line":3,"column":46}},"3":{"start":{"line":5,"column":4},"end":{"line":13,"column":6}},"4":{"start":{"line":6,"column":8},"end":{"line":6,"column":90}},"5":{"start":{"line":8,"column":8},"end":{"line":12,"column":10}}},"branchMap":{}},"/Volumes/Dev/hellofresh/lentil/lib/paths/libs.js":{"path":"/Volumes/Dev/hellofresh/lentil/lib/paths/libs.js","s":{"1":1,"2":1,"3":2},"b":{},"f":{"1":1,"2":2},"fnMap":{"1":{"name":"(anonymous_1)","line":1,"loc":{"start":{"line":1,"column":18},"end":{"line":1,"column":29}}},"2":{"name":"(anonymous_2)","line":3,"loc":{"start":{"line":3,"column":11},"end":{"line":3,"column":37}}}},"statementMap":{"1":{"start":{"line":1,"column":0},"end":{"line":7,"column":5}},"2":{"start":{"line":3,"column":4},"end":{"line":5,"column":6}},"3":{"start":{"line":4,"column":8},"end":{"line":4,"column":28}}},"branchMap":{}},"/Volumes/Dev/hellofresh/lentil/lib/paths/karma.js":{"path":"/Volumes/Dev/hellofresh/lentil/lib/paths/karma.js","s":{"1":1,"2":1,"3":1,"4":1,"5":1},"b":{},"f":{"1":1,"2":1},"fnMap":{"1":{"name":"(anonymous_1)","line":1,"loc":{"start":{"line":1,"column":18},"end":{"line":1,"column":29}}},"2":{"name":"(anonymous_2)","line":5,"loc":{"start":{"line":5,"column":11},"end":{"line":5,"column":37}}}},"statementMap":{"1":{"start":{"line":1,"column":0},"end":{"line":15,"column":5}},"2":{"start":{"line":3,"column":4},"end":{"line":3,"column":46}},"3":{"start":{"line":5,"column":4},"end":{"line":13,"column":6}},"4":{"start":{"line":6,"column":8},"end":{"line":6,"column":49}},"5":{"start":{"line":8,"column":8},"end":{"line":12,"column":20}}},"branchMap":{}},"/Volumes/Dev/hellofresh/lentil/lib/ingredients/js.js":{"path":"/Volumes/Dev/hellofresh/lentil/lib/ingredients/js.js","s":{"1":1,"2":1,"3":1,"4":1,"5":1,"6":1,"7":1,"8":1},"b":{},"f":{"1":1,"2":1,"3":1},"fnMap":{"1":{"name":"(anonymous_1)","line":1,"loc":{"start":{"line":1,"column":18},"end":{"line":1,"column":29}}},"2":{"name":"(anonymous_2)","line":6,"loc":{"start":{"line":6,"column":11},"end":{"line":6,"column":37}}},"3":{"name":"parseJs","line":9,"loc":{"start":{"line":9,"column":15},"end":{"line":9,"column":34}}}},"statementMap":{"1":{"start":{"line":1,"column":0},"end":{"line":25,"column":5}},"2":{"start":{"line":3,"column":4},"end":{"line":3,"column":31}},"3":{"start":{"line":4,"column":4},"end":{"line":4,"column":49}},"4":{"start":{"line":6,"column":4},"end":{"line":23,"column":6}},"5":{"start":{"line":7,"column":8},"end":{"line":7,"column":50}},"6":{"start":{"line":9,"column":8},"end":{"line":22,"column":10}},"7":{"start":{"line":10,"column":12},"end":{"line":19,"column":55}},"8":{"start":{"line":21,"column":12},"end":{"line":21,"column":31}}},"branchMap":{}},"/Volumes/Dev/hellofresh/lentil/lib/ingredients/sass.js":{"path":"/Volumes/Dev/hellofresh/lentil/lib/ingredients/sass.js","s":{"1":1,"2":1,"3":1,"4":1,"5":1,"6":1,"7":1,"8":1},"b":{},"f":{"1":1,"2":1,"3":1},"fnMap":{"1":{"name":"(anonymous_1)","line":1,"loc":{"start":{"line":1,"column":18},"end":{"line":1,"column":29}}},"2":{"name":"(anonymous_2)","line":6,"loc":{"start":{"line":6,"column":11},"end":{"line":6,"column":37}}},"3":{"name":"parseSass","line":9,"loc":{"start":{"line":9,"column":15},"end":{"line":9,"column":36}}}},"statementMap":{"1":{"start":{"line":1,"column":0},"end":{"line":24,"column":5}},"2":{"start":{"line":3,"column":4},"end":{"line":3,"column":31}},"3":{"start":{"line":4,"column":4},"end":{"line":4,"column":49}},"4":{"start":{"line":6,"column":4},"end":{"line":22,"column":6}},"5":{"start":{"line":7,"column":8},"end":{"line":7,"column":50}},"6":{"start":{"line":9,"column":8},"end":{"line":21,"column":9}},"7":{"start":{"line":10,"column":12},"end":{"line":18,"column":55}},"8":{"start":{"line":20,"column":12},"end":{"line":20,"column":31}}},"branchMap":{}},"/Volumes/Dev/hellofresh/lentil/lib/ingredients/angularTemplates.js":{"path":"/Volumes/Dev/hellofresh/lentil/lib/ingredients/angularTemplates.js","s":{"1":1,"2":1,"3":1,"4":1,"5":1,"6":1,"7":1,"8":1,"9":1,"10":1,"11":1,"12":1,"13":1,"14":1,"15":1},"b":{"1":[1,0]},"f":{"1":1,"2":1,"3":1,"4":1},"fnMap":{"1":{"name":"(anonymous_1)","line":1,"loc":{"start":{"line":1,"column":18},"end":{"line":1,"column":29}}},"2":{"name":"(anonymous_2)","line":7,"loc":{"start":{"line":7,"column":11},"end":{"line":7,"column":37}}},"3":{"name":"parseAngularTemplates","line":10,"loc":{"start":{"line":10,"column":15},"end":{"line":10,"column":52}}},"4":{"name":"(anonymous_4)","line":31,"loc":{"start":{"line":31,"column":23},"end":{"line":31,"column":34}}}},"statementMap":{"1":{"start":{"line":1,"column":0},"end":{"line":46,"column":5}},"2":{"start":{"line":3,"column":4},"end":{"line":3,"column":25}},"3":{"start":{"line":4,"column":4},"end":{"line":4,"column":31}},"4":{"start":{"line":5,"column":4},"end":{"line":5,"column":49}},"5":{"start":{"line":7,"column":4},"end":{"line":44,"column":6}},"6":{"start":{"line":8,"column":8},"end":{"line":8,"column":50}},"7":{"start":{"line":10,"column":8},"end":{"line":43,"column":10}},"8":{"start":{"line":11,"column":12},"end":{"line":11,"column":37}},"9":{"start":{"line":13,"column":12},"end":{"line":13,"column":67}},"10":{"start":{"line":14,"column":12},"end":{"line":14,"column":53}},"11":{"start":{"line":16,"column":12},"end":{"line":40,"column":15}},"12":{"start":{"line":32,"column":16},"end":{"line":35,"column":20}},"13":{"start":{"line":37,"column":16},"end":{"line":39,"column":17}},"14":{"start":{"line":38,"column":20},"end":{"line":38,"column":27}},"15":{"start":{"line":42,"column":12},"end":{"line":42,"column":36}}},"branchMap":{"1":{"line":37,"type":"if","locations":[{"start":{"line":37,"column":16},"end":{"line":37,"column":16}},{"start":{"line":37,"column":16},"end":{"line":37,"column":16}}]}}},"/Volumes/Dev/hellofresh/lentil/lib/ingredients/angular.js":{"path":"/Volumes/Dev/hellofresh/lentil/lib/ingredients/angular.js","s":{"1":1,"2":1,"3":1,"4":1,"5":1,"6":2,"7":2,"8":1,"9":1,"10":1,"11":1,"12":0,"13":1},"b":{"1":[0,1],"2":[1,1]},"f":{"1":1,"2":2,"3":1,"4":1,"5":1},"fnMap":{"1":{"name":"(anonymous_1)","line":1,"loc":{"start":{"line":1,"column":18},"end":{"line":1,"column":29}}},"2":{"name":"(anonymous_2)","line":7,"loc":{"start":{"line":7,"column":11},"end":{"line":7,"column":37}}},"3":{"name":"parseAngular","line":10,"loc":{"start":{"line":10,"column":15},"end":{"line":10,"column":43}}},"4":{"name":"(anonymous_4)","line":12,"loc":{"start":{"line":12,"column":22},"end":{"line":12,"column":45}}},"5":{"name":"(anonymous_5)","line":30,"loc":{"start":{"line":30,"column":31},"end":{"line":30,"column":42}}}},"statementMap":{"1":{"start":{"line":1,"column":0},"end":{"line":41,"column":5}},"2":{"start":{"line":3,"column":4},"end":{"line":3,"column":31}},"3":{"start":{"line":4,"column":4},"end":{"line":4,"column":49}},"4":{"start":{"line":5,"column":4},"end":{"line":5,"column":27}},"5":{"start":{"line":7,"column":4},"end":{"line":39,"column":6}},"6":{"start":{"line":8,"column":8},"end":{"line":8,"column":50}},"7":{"start":{"line":10,"column":8},"end":{"line":38,"column":9}},"8":{"start":{"line":11,"column":12},"end":{"line":37,"column":19}},"9":{"start":{"line":13,"column":20},"end":{"line":13,"column":74}},"10":{"start":{"line":15,"column":20},"end":{"line":34,"column":23}},"11":{"start":{"line":31,"column":24},"end":{"line":33,"column":25}},"12":{"start":{"line":32,"column":28},"end":{"line":32,"column":56}},"13":{"start":{"line":36,"column":20},"end":{"line":36,"column":39}}},"branchMap":{"1":{"line":31,"type":"if","locations":[{"start":{"line":31,"column":24},"end":{"line":31,"column":24}},{"start":{"line":31,"column":24},"end":{"line":31,"column":24}}]},"2":{"line":31,"type":"binary-expr","locations":[{"start":{"line":31,"column":28},"end":{"line":31,"column":40}},{"start":{"line":31,"column":44},"end":{"line":31,"column":71}}]}}},"/Volumes/Dev/hellofresh/lentil/lib/ingredients/libs.js":{"path":"/Volumes/Dev/hellofresh/lentil/lib/ingredients/libs.js","s":{"1":1,"2":1,"3":1,"4":1,"5":2,"6":2,"7":1,"8":1},"b":{},"f":{"1":1,"2":2,"3":1},"fnMap":{"1":{"name":"(anonymous_1)","line":1,"loc":{"start":{"line":1,"column":18},"end":{"line":1,"column":29}}},"2":{"name":"(anonymous_2)","line":6,"loc":{"start":{"line":6,"column":11},"end":{"line":6,"column":37}}},"3":{"name":"parseLibs","line":9,"loc":{"start":{"line":9,"column":15},"end":{"line":9,"column":36}}}},"statementMap":{"1":{"start":{"line":1,"column":0},"end":{"line":20,"column":5}},"2":{"start":{"line":3,"column":4},"end":{"line":3,"column":31}},"3":{"start":{"line":4,"column":4},"end":{"line":4,"column":49}},"4":{"start":{"line":6,"column":4},"end":{"line":18,"column":6}},"5":{"start":{"line":7,"column":8},"end":{"line":7,"column":50}},"6":{"start":{"line":9,"column":8},"end":{"line":17,"column":9}},"7":{"start":{"line":10,"column":12},"end":{"line":14,"column":55}},"8":{"start":{"line":16,"column":12},"end":{"line":16,"column":31}}},"branchMap":{}},"/Volumes/Dev/hellofresh/lentil/lib/ingredients/watch.js":{"path":"/Volumes/Dev/hellofresh/lentil/lib/ingredients/watch.js","s":{"1":1,"2":1,"3":1,"4":5,"5":0},"b":{},"f":{"1":1,"2":5,"3":0},"fnMap":{"1":{"name":"(anonymous_1)","line":1,"loc":{"start":{"line":1,"column":18},"end":{"line":1,"column":29}}},"2":{"name":"(anonymous_2)","line":5,"loc":{"start":{"line":5,"column":11},"end":{"line":5,"column":37}}},"3":{"name":"watch","line":6,"loc":{"start":{"line":6,"column":15},"end":{"line":6,"column":32}}}},"statementMap":{"1":{"start":{"line":1,"column":0},"end":{"line":11,"column":5}},"2":{"start":{"line":3,"column":4},"end":{"line":3,"column":31}},"3":{"start":{"line":5,"column":4},"end":{"line":9,"column":6}},"4":{"start":{"line":6,"column":8},"end":{"line":8,"column":10}},"5":{"start":{"line":7,"column":12},"end":{"line":7,"column":53}}},"branchMap":{}},"/Volumes/Dev/hellofresh/lentil/lib/ingredients/karma.js":{"path":"/Volumes/Dev/hellofresh/lentil/lib/ingredients/karma.js","s":{"1":1,"2":1,"3":1,"4":1,"5":3,"6":0},"b":{},"f":{"1":1,"2":3,"3":0},"fnMap":{"1":{"name":"(anonymous_1)","line":1,"loc":{"start":{"line":1,"column":18},"end":{"line":1,"column":29}}},"2":{"name":"(anonymous_2)","line":6,"loc":{"start":{"line":6,"column":11},"end":{"line":6,"column":37}}},"3":{"name":"karma","line":7,"loc":{"start":{"line":7,"column":15},"end":{"line":7,"column":36}}}},"statementMap":{"1":{"start":{"line":1,"column":0},"end":{"line":16,"column":5}},"2":{"start":{"line":3,"column":4},"end":{"line":3,"column":31}},"3":{"start":{"line":4,"column":4},"end":{"line":4,"column":41}},"4":{"start":{"line":6,"column":4},"end":{"line":14,"column":6}},"5":{"start":{"line":7,"column":8},"end":{"line":13,"column":10}},"6":{"start":{"line":8,"column":12},"end":{"line":12,"column":29}}},"branchMap":{}},"/Volumes/Dev/hellofresh/lentil/lib/ingredients/deploy.js":{"path":"/Volumes/Dev/hellofresh/lentil/lib/ingredients/deploy.js","s":{"1":1,"2":1,"3":1,"4":1,"5":3,"6":1,"7":1,"8":1},"b":{},"f":{"1":1,"2":3,"3":1,"4":1,"5":1},"fnMap":{"1":{"name":"(anonymous_1)","line":1,"loc":{"start":{"line":1,"column":18},"end":{"line":1,"column":29}}},"2":{"name":"(anonymous_2)","line":6,"loc":{"start":{"line":6,"column":11},"end":{"line":6,"column":37}}},"3":{"name":"deploy","line":7,"loc":{"start":{"line":7,"column":15},"end":{"line":7,"column":37}}},"4":{"name":"(anonymous_4)","line":22,"loc":{"start":{"line":22,"column":23},"end":{"line":22,"column":34}}},"5":{"name":"(anonymous_5)","line":41,"loc":{"start":{"line":41,"column":27},"end":{"line":41,"column":38}}}},"statementMap":{"1":{"start":{"line":1,"column":0},"end":{"line":48,"column":5}},"2":{"start":{"line":3,"column":4},"end":{"line":3,"column":31}},"3":{"start":{"line":4,"column":4},"end":{"line":4,"column":49}},"4":{"start":{"line":6,"column":4},"end":{"line":46,"column":6}},"5":{"start":{"line":7,"column":8},"end":{"line":45,"column":10}},"6":{"start":{"line":8,"column":12},"end":{"line":44,"column":15}},"7":{"start":{"line":23,"column":16},"end":{"line":43,"column":19}},"8":{"start":{"line":42,"column":20},"end":{"line":42,"column":27}}},"branchMap":{}},"/Volumes/Dev/hellofresh/lentil/lib/Lentil.js":{"path":"/Volumes/Dev/hellofresh/lentil/lib/Lentil.js","s":{"1":1,"2":1,"3":1,"4":1,"5":1,"6":1,"7":1,"8":1,"9":1,"10":1,"11":1,"12":1,"13":1,"14":4,"15":4,"16":4,"17":1,"18":1,"19":1,"20":1,"21":1,"22":1,"23":1,"24":1,"25":1,"26":1,"27":1,"28":1,"29":1,"30":1,"31":1,"32":1,"33":1,"34":1,"35":1,"36":1,"37":1,"38":1,"39":1,"40":1,"41":1,"42":1,"43":1,"44":1,"45":1,"46":1,"47":1,"48":1,"49":1},"b":{"1":[1,0]},"f":{"1":1,"2":4,"3":1,"4":1,"5":1},"fnMap":{"1":{"name":"(anonymous_1)","line":3,"loc":{"start":{"line":3,"column":18},"end":{"line":3,"column":29}}},"2":{"name":"(anonymous_2)","line":16,"loc":{"start":{"line":16,"column":17},"end":{"line":16,"column":34}}},"3":{"name":"(anonymous_3)","line":22,"loc":{"start":{"line":22,"column":35},"end":{"line":22,"column":56}}},"4":{"name":"(anonymous_4)","line":42,"loc":{"start":{"line":42,"column":33},"end":{"line":42,"column":44}}},"5":{"name":"(anonymous_5)","line":58,"loc":{"start":{"line":58,"column":29},"end":{"line":58,"column":40}}}},"statementMap":{"1":{"start":{"line":1,"column":0},"end":{"line":1,"column":17}},"2":{"start":{"line":3,"column":0},"end":{"line":83,"column":5}},"3":{"start":{"line":5,"column":4},"end":{"line":5,"column":31}},"4":{"start":{"line":6,"column":4},"end":{"line":6,"column":49}},"5":{"start":{"line":7,"column":4},"end":{"line":7,"column":37}},"6":{"start":{"line":8,"column":4},"end":{"line":8,"column":37}},"7":{"start":{"line":9,"column":4},"end":{"line":9,"column":45}},"8":{"start":{"line":10,"column":4},"end":{"line":10,"column":45}},"9":{"start":{"line":11,"column":4},"end":{"line":11,"column":51}},"10":{"start":{"line":12,"column":4},"end":{"line":12,"column":39}},"11":{"start":{"line":13,"column":4},"end":{"line":13,"column":37}},"12":{"start":{"line":14,"column":4},"end":{"line":14,"column":41}},"13":{"start":{"line":16,"column":4},"end":{"line":20,"column":6}},"14":{"start":{"line":17,"column":8},"end":{"line":17,"column":44}},"15":{"start":{"line":18,"column":8},"end":{"line":18,"column":41}},"16":{"start":{"line":19,"column":8},"end":{"line":19,"column":66}},"17":{"start":{"line":22,"column":4},"end":{"line":40,"column":6}},"18":{"start":{"line":23,"column":8},"end":{"line":23,"column":48}},"19":{"start":{"line":25,"column":8},"end":{"line":25,"column":45}},"20":{"start":{"line":26,"column":8},"end":{"line":39,"column":9}},"21":{"start":{"line":27,"column":12},"end":{"line":27,"column":37}},"22":{"start":{"line":28,"column":12},"end":{"line":28,"column":59}},"23":{"start":{"line":30,"column":12},"end":{"line":38,"column":13}},"24":{"start":{"line":31,"column":16},"end":{"line":31,"column":53}},"25":{"start":{"line":33,"column":16},"end":{"line":33,"column":54}},"26":{"start":{"line":34,"column":16},"end":{"line":37,"column":19}},"27":{"start":{"line":42,"column":4},"end":{"line":56,"column":6}},"28":{"start":{"line":43,"column":8},"end":{"line":43,"column":34}},"29":{"start":{"line":45,"column":8},"end":{"line":45,"column":43}},"30":{"start":{"line":46,"column":8},"end":{"line":55,"column":9}},"31":{"start":{"line":47,"column":12},"end":{"line":47,"column":38}},"32":{"start":{"line":48,"column":12},"end":{"line":48,"column":51}},"33":{"start":{"line":50,"column":12},"end":{"line":50,"column":52}},"34":{"start":{"line":51,"column":12},"end":{"line":54,"column":15}},"35":{"start":{"line":58,"column":4},"end":{"line":79,"column":6}},"36":{"start":{"line":59,"column":8},"end":{"line":62,"column":9}},"37":{"start":{"line":60,"column":12},"end":{"line":60,"column":49}},"38":{"start":{"line":61,"column":12},"end":{"line":61,"column":41}},"39":{"start":{"line":64,"column":8},"end":{"line":64,"column":25}},"40":{"start":{"line":66,"column":8},"end":{"line":66,"column":64}},"41":{"start":{"line":68,"column":8},"end":{"line":68,"column":65}},"42":{"start":{"line":69,"column":8},"end":{"line":69,"column":32}},"43":{"start":{"line":70,"column":8},"end":{"line":70,"column":64}},"44":{"start":{"line":72,"column":8},"end":{"line":72,"column":48}},"45":{"start":{"line":73,"column":8},"end":{"line":73,"column":41}},"46":{"start":{"line":75,"column":8},"end":{"line":75,"column":34}},"47":{"start":{"line":76,"column":8},"end":{"line":76,"column":37}},"48":{"start":{"line":78,"column":8},"end":{"line":78,"column":64}},"49":{"start":{"line":81,"column":4},"end":{"line":81,"column":18}}},"branchMap":{"1":{"line":30,"type":"if","locations":[{"start":{"line":30,"column":12},"end":{"line":30,"column":12}},{"start":{"line":30,"column":12},"end":{"line":30,"column":12}}]}}},"/Volumes/Dev/hellofresh/lentil/lib/Tester.js":{"path":"/Volumes/Dev/hellofresh/lentil/lib/Tester.js","s":{"1":1,"2":1,"3":1,"4":1,"5":1,"6":1,"7":2,"8":2,"9":1},"b":{},"f":{"1":1,"2":4,"3":2},"fnMap":{"1":{"name":"(anonymous_1)","line":3,"loc":{"start":{"line":3,"column":18},"end":{"line":3,"column":29}}},"2":{"name":"(anonymous_2)","line":8,"loc":{"start":{"line":8,"column":17},"end":{"line":8,"column":28}}},"3":{"name":"(anonymous_3)","line":10,"loc":{"start":{"line":10,"column":32},"end":{"line":10,"column":49}}}},"statementMap":{"1":{"start":{"line":1,"column":0},"end":{"line":1,"column":17}},"2":{"start":{"line":3,"column":0},"end":{"line":22,"column":5}},"3":{"start":{"line":5,"column":4},"end":{"line":5,"column":51}},"4":{"start":{"line":6,"column":4},"end":{"line":6,"column":45}},"5":{"start":{"line":8,"column":4},"end":{"line":8,"column":31}},"6":{"start":{"line":10,"column":4},"end":{"line":18,"column":6}},"7":{"start":{"line":11,"column":8},"end":{"line":13,"column":12}},"8":{"start":{"line":15,"column":8},"end":{"line":17,"column":12}},"9":{"start":{"line":20,"column":4},"end":{"line":20,"column":18}}},"branchMap":{}}}