TN:
SF:/Volumes/Dev/hellofresh/lentil/__tests__/BundlerSpec.js
FN:1,(anonymous_1)
FN:3,(anonymous_2)
FN:11,(anonymous_3)
FN:27,(anonymous_4)
FNF:4
FNH:4
FNDA:1,(anonymous_1)
FNDA:1,(anonymous_2)
FNDA:1,(anonymous_3)
FNDA:1,(anonymous_4)
DA:1,1
DA:3,1
DA:4,1
DA:6,1
DA:8,1
DA:11,1
DA:12,1
DA:13,1
DA:14,1
DA:16,1
DA:22,1
DA:23,1
DA:24,1
DA:27,1
DA:28,1
DA:29,1
DA:30,1
DA:32,1
DA:39,1
DA:41,1
DA:42,1
DA:43,1
DA:44,1
DA:46,1
LF:24
LH:24
BRF:0
BRH:0
end_of_record
TN:
SF:/Volumes/Dev/hellofresh/lentil/__tests__/ConfigSpec.js
FN:1,(anonymous_1)
FN:3,(anonymous_2)
FN:15,(anonymous_3)
FN:35,(anonymous_4)
FN:45,(anonymous_5)
FN:55,(anonymous_6)
FNF:6
FNH:6
FNDA:1,(anonymous_1)
FNDA:1,(anonymous_2)
FNDA:1,(anonymous_3)
FNDA:1,(anonymous_4)
FNDA:1,(anonymous_5)
FNDA:1,(anonymous_6)
DA:1,1
DA:3,1
DA:4,1
DA:6,1
DA:10,1
DA:12,1
DA:15,1
DA:16,1
DA:18,1
DA:30,1
DA:32,1
DA:35,1
DA:36,1
DA:38,1
DA:40,1
DA:42,1
DA:45,1
DA:46,1
DA:48,1
DA:50,1
DA:52,1
DA:55,1
DA:56,1
DA:58,1
DA:64,1
DA:68,1
DA:70,1
DA:74,1
DA:78,1
LF:29
LH:29
BRF:0
BRH:0
end_of_record
TN:
SF:/Volumes/Dev/hellofresh/lentil/__tests__/DeployerSpec.js
FN:1,(anonymous_1)
FN:3,(anonymous_2)
FN:11,(anonymous_3)
FNF:3
FNH:3
FNDA:1,(anonymous_1)
FNDA:1,(anonymous_2)
FNDA:1,(anonymous_3)
DA:1,1
DA:3,1
DA:4,1
DA:6,1
DA:8,1
DA:11,1
DA:12,1
DA:13,1
DA:14,1
DA:16,1
DA:18,1
DA:20,1
DA:21,1
DA:23,1
DA:25,1
DA:26,1
DA:28,1
LF:17
LH:17
BRF:0
BRH:0
end_of_record
TN:
SF:/Volumes/Dev/hellofresh/lentil/__tests__/FileSystemSpec.js
FN:1,(anonymous_1)
FN:3,(anonymous_2)
FN:9,(anonymous_3)
FN:19,(anonymous_4)
FN:25,(anonymous_5)
FN:32,(anonymous_6)
FN:36,(anonymous_7)
FN:42,(anonymous_8)
FNF:8
FNH:8
FNDA:1,(anonymous_1)
FNDA:1,(anonymous_2)
FNDA:1,(anonymous_3)
FNDA:1,(anonymous_4)
FNDA:1,(anonymous_5)
FNDA:1,(anonymous_6)
FNDA:1,(anonymous_7)
FNDA:1,(anonymous_8)
DA:1,1
DA:3,1
DA:4,1
DA:5,1
DA:7,1
DA:8,1
DA:10,1
DA:14,1
DA:15,1
DA:16,1
DA:19,1
DA:20,1
DA:22,1
DA:24,1
DA:26,1
DA:29,1
DA:32,1
DA:33,1
DA:35,1
DA:37,1
DA:42,1
DA:43,1
DA:44,1
DA:46,1
DA:47,1
DA:49,1
LF:26
LH:26
BRF:0
BRH:0
end_of_record
TN:
SF:/Volumes/Dev/hellofresh/lentil/__tests__/ingredients/angularSpec.js
FN:1,(anonymous_1)
FN:3,(anonymous_2)
FN:8,(anonymous_3)
FN:10,(anonymous_4)
FNF:4
FNH:4
FNDA:1,(anonymous_1)
FNDA:1,(anonymous_2)
FNDA:1,(anonymous_3)
FNDA:1,(anonymous_4)
DA:1,1
DA:3,1
DA:4,1
DA:5,1
DA:6,1
DA:8,1
DA:9,1
DA:11,1
DA:15,1
DA:17,1
DA:23,1
DA:26,1
DA:27,1
LF:13
LH:13
BRF:0
BRH:0
end_of_record
TN:
SF:/Volumes/Dev/hellofresh/lentil/__tests__/ingredients/angularTemplatesSpec.js
FN:1,(anonymous_1)
FN:3,(anonymous_2)
FN:18,(anonymous_3)
FNF:3
FNH:3
FNDA:1,(anonymous_1)
FNDA:1,(anonymous_2)
FNDA:1,(anonymous_3)
DA:1,1
DA:3,1
DA:4,1
DA:5,1
DA:6,1
DA:8,1
DA:10,1
DA:16,1
DA:19,1
DA:20,1
DA:22,1
LF:11
LH:11
BRF:0
BRH:0
end_of_record
TN:
SF:/Volumes/Dev/hellofresh/lentil/__tests__/ingredients/deploySpec.js
FN:1,(anonymous_1)
FN:3,(anonymous_2)
FN:16,(anonymous_3)
FNF:3
FNH:3
FNDA:1,(anonymous_1)
FNDA:1,(anonymous_2)
FNDA:1,(anonymous_3)
DA:1,1
DA:3,1
DA:4,1
DA:5,1
DA:6,1
DA:8,1
DA:14,1
DA:17,1
DA:18,1
LF:9
LH:9
BRF:0
BRH:0
end_of_record
TN:
SF:/Volumes/Dev/hellofresh/lentil/__tests__/ingredients/jsSpec.js
FN:1,(anonymous_1)
FN:3,(anonymous_2)
FNF:2
FNH:2
FNDA:1,(anonymous_1)
FNDA:1,(anonymous_2)
DA:1,1
DA:3,1
DA:4,1
DA:5,1
DA:6,1
DA:8,1
DA:10,1
DA:16,1
DA:19,1
LF:9
LH:9
BRF:0
BRH:0
end_of_record
TN:
SF:/Volumes/Dev/hellofresh/lentil/__tests__/ingredients/karmaSpec.js
FN:1,(anonymous_1)
FN:3,(anonymous_2)
FNF:2
FNH:2
FNDA:1,(anonymous_1)
FNDA:1,(anonymous_2)
DA:1,1
DA:3,1
DA:4,1
DA:5,1
DA:6,1
DA:8,1
DA:10,1
DA:16,1
LF:8
LH:8
BRF:0
BRH:0
end_of_record
TN:
SF:/Volumes/Dev/hellofresh/lentil/__tests__/ingredients/libsSpec.js
FN:1,(anonymous_1)
FN:3,(anonymous_2)
FNF:2
FNH:2
FNDA:1,(anonymous_1)
FNDA:1,(anonymous_2)
DA:1,1
DA:3,1
DA:4,1
DA:5,1
DA:6,1
DA:8,1
DA:10,1
DA:16,1
DA:19,1
LF:9
LH:9
BRF:0
BRH:0
end_of_record
TN:
SF:/Volumes/Dev/hellofresh/lentil/__tests__/ingredients/sassSpec.js
FN:1,(anonymous_1)
FN:3,(anonymous_2)
FNF:2
FNH:2
FNDA:1,(anonymous_1)
FNDA:1,(anonymous_2)
DA:1,1
DA:3,1
DA:4,1
DA:5,1
DA:6,1
DA:8,1
DA:10,1
DA:16,1
DA:19,1
LF:9
LH:9
BRF:0
BRH:0
end_of_record
TN:
SF:/Volumes/Dev/hellofresh/lentil/__tests__/ingredients/watchSpec.js
FN:1,(anonymous_1)
FN:3,(anonymous_2)
FNF:2
FNH:2
FNDA:1,(anonymous_1)
FNDA:1,(anonymous_2)
DA:1,1
DA:3,1
DA:4,1
DA:5,1
DA:7,1
DA:9,1
LF:6
LH:6
BRF:0
BRH:0
end_of_record
TN:
SF:/Volumes/Dev/hellofresh/lentil/__tests__/LentilSpec.js
FN:1,(anonymous_1)
FN:3,(anonymous_2)
FN:17,(anonymous_3)
FN:37,(anonymous_4)
FN:54,(anonymous_5)
FNF:5
FNH:5
FNDA:1,(anonymous_1)
FNDA:1,(anonymous_2)
FNDA:1,(anonymous_3)
FNDA:1,(anonymous_4)
FNDA:1,(anonymous_5)
DA:1,1
DA:3,1
DA:4,1
DA:5,1
DA:6,1
DA:8,1
DA:10,1
DA:11,1
DA:13,1
DA:14,1
DA:17,1
DA:18,1
DA:19,1
DA:21,1
DA:23,1
DA:32,1
DA:34,1
DA:37,1
DA:38,1
DA:40,1
DA:49,1
DA:51,1
DA:54,1
DA:55,1
DA:56,1
DA:58,1
DA:60,1
DA:72,1
DA:74,1
DA:75,1
DA:77,1
DA:79,1
DA:80,1
LF:33
LH:33
BRF:0
BRH:0
end_of_record
TN:
SF:/Volumes/Dev/hellofresh/lentil/__tests__/paths/angularSpec.js
FN:1,(anonymous_1)
FN:3,(anonymous_2)
FNF:2
FNH:2
FNDA:1,(anonymous_1)
FNDA:1,(anonymous_2)
DA:1,1
DA:3,1
DA:4,1
DA:5,1
DA:7,1
DA:9,1
DA:11,1
DA:12,1
LF:8
LH:8
BRF:0
BRH:0
end_of_record
TN:
SF:/Volumes/Dev/hellofresh/lentil/__tests__/paths/angularTemplatesSpec.js
FN:1,(anonymous_1)
FN:3,(anonymous_2)
FNF:2
FNH:2
FNDA:1,(anonymous_1)
FNDA:1,(anonymous_2)
DA:1,1
DA:3,1
DA:4,1
DA:5,1
DA:7,1
DA:9,1
DA:11,1
DA:12,1
LF:8
LH:8
BRF:0
BRH:0
end_of_record
TN:
SF:/Volumes/Dev/hellofresh/lentil/__tests__/paths/jsSpec.js
FN:1,(anonymous_1)
FN:3,(anonymous_2)
FNF:2
FNH:2
FNDA:1,(anonymous_1)
FNDA:1,(anonymous_2)
DA:1,1
DA:3,1
DA:4,1
DA:5,1
DA:7,1
DA:9,1
DA:11,1
DA:12,1
LF:8
LH:8
BRF:0
BRH:0
end_of_record
TN:
SF:/Volumes/Dev/hellofresh/lentil/__tests__/paths/karmaSpec.js
FN:1,(anonymous_1)
FN:3,(anonymous_2)
FNF:2
FNH:2
FNDA:1,(anonymous_1)
FNDA:1,(anonymous_2)
DA:1,1
DA:3,1
DA:4,1
DA:6,1
DA:15,1
DA:16,1
LF:6
LH:6
BRF:0
BRH:0
end_of_record
TN:
SF:/Volumes/Dev/hellofresh/lentil/__tests__/paths/libsSpec.js
FN:1,(anonymous_1)
FN:3,(anonymous_2)
FNF:2
FNH:2
FNDA:1,(anonymous_1)
FNDA:1,(anonymous_2)
DA:1,1
DA:3,1
DA:4,1
DA:5,1
DA:7,1
DA:9,1
DA:11,1
DA:12,1
LF:8
LH:8
BRF:0
BRH:0
end_of_record
TN:
SF:/Volumes/Dev/hellofresh/lentil/__tests__/paths/sassSpec.js
FN:1,(anonymous_1)
FN:3,(anonymous_2)
FNF:2
FNH:2
FNDA:1,(anonymous_1)
FNDA:1,(anonymous_2)
DA:1,1
DA:3,1
DA:4,1
DA:5,1
DA:7,1
DA:9,1
DA:11,1
DA:12,1
LF:8
LH:8
BRF:0
BRH:0
end_of_record
TN:
SF:/Volumes/Dev/hellofresh/lentil/__tests__/TaskContainerSpec.js
FN:1,(anonymous_1)
FN:3,(anonymous_2)
FN:11,(anonymous_3)
FN:14,(anonymous_4)
FN:19,(anonymous_5)
FN:25,(anonymous_6)
FNF:6
FNH:6
FNDA:1,(anonymous_1)
FNDA:1,(anonymous_2)
FNDA:1,(anonymous_3)
FNDA:1,(anonymous_4)
FNDA:1,(anonymous_5)
FNDA:1,(anonymous_6)
DA:1,1
DA:3,1
DA:4,1
DA:6,1
DA:8,1
DA:11,1
DA:12,1
DA:14,1
DA:15,1
DA:19,1
DA:20,1
DA:22,1
DA:25,1
DA:26,1
DA:28,1
LF:15
LH:15
BRF:0
BRH:0
end_of_record
TN:
SF:/Volumes/Dev/hellofresh/lentil/__tests__/TaskRunnerSpec.js
FN:1,(anonymous_1)
FN:3,(anonymous_2)
FN:11,(anonymous_3)
FN:24,(anonymous_4)
FN:33,(anonymous_5)
FN:38,(anonymous_6)
FNF:6
FNH:6
FNDA:1,(anonymous_1)
FNDA:1,(anonymous_2)
FNDA:1,(anonymous_3)
FNDA:1,(anonymous_4)
FNDA:1,(anonymous_5)
FNDA:1,(anonymous_6)
DA:1,1
DA:3,1
DA:4,1
DA:6,1
DA:8,1
DA:11,1
DA:12,1
DA:13,1
DA:15,1
DA:17,1
DA:18,1
DA:20,1
DA:21,1
DA:24,1
DA:25,1
DA:26,1
DA:28,1
DA:30,1
DA:31,1
DA:33,1
DA:34,1
DA:38,1
DA:39,1
DA:40,1
DA:42,1
DA:43,1
DA:45,1
DA:46,1
DA:48,1
DA:49,1
LF:30
LH:30
BRF:0
BRH:0
end_of_record
TN:
SF:/Volumes/Dev/hellofresh/lentil/__tests__/TesterSpec.js
FN:1,(anonymous_1)
FN:3,(anonymous_2)
FN:10,(anonymous_3)
FNF:3
FNH:3
FNDA:1,(anonymous_1)
FNDA:1,(anonymous_2)
FNDA:1,(anonymous_3)
DA:1,1
DA:3,1
DA:4,1
DA:6,1
DA:7,1
DA:10,1
DA:11,1
DA:12,1
DA:13,1
DA:15,1
DA:16,1
DA:18,1
DA:20,1
DA:21,1
DA:22,1
DA:23,1
DA:26,1
LF:17
LH:17
BRF:0
BRH:0
end_of_record
TN:
SF:/Volumes/Dev/hellofresh/lentil/lib/Bundler.js
FN:3,(anonymous_1)
FN:7,(anonymous_2)
FN:11,(anonymous_3)
FN:15,(anonymous_4)
FN:15,(anonymous_5)
FN:20,(anonymous_6)
FN:20,(anonymous_7)
FN:25,(anonymous_8)
FN:31,(anonymous_9)
FN:31,(anonymous_10)
FN:35,(anonymous_11)
FN:35,(anonymous_12)
FNF:12
FNH:8
FNDA:1,(anonymous_1)
FNDA:4,(anonymous_2)
FNDA:2,(anonymous_3)
FNDA:0,(anonymous_4)
FNDA:11,(anonymous_5)
FNDA:0,(anonymous_6)
FNDA:7,(anonymous_7)
FNDA:2,(anonymous_8)
FNDA:0,(anonymous_9)
FNDA:12,(anonymous_10)
FNDA:0,(anonymous_11)
FNDA:12,(anonymous_12)
DA:1,1
DA:3,1
DA:5,1
DA:7,1
DA:8,4
DA:11,1
DA:12,2
DA:13,3
DA:15,3
DA:16,11
DA:20,2
DA:21,7
DA:25,1
DA:26,2
DA:27,3
DA:29,3
DA:32,12
DA:35,3
DA:36,12
DA:40,2
DA:43,1
LF:21
LH:21
BRDA:32,1,0,12
BRDA:32,1,1,10
BRDA:36,2,0,12
BRDA:36,2,1,8
BRF:4
BRH:4
end_of_record
TN:
SF:/Volumes/Dev/hellofresh/lentil/lib/TaskContainer.js
FN:3,(anonymous_1)
FN:9,(anonymous_2)
FN:22,(anonymous_3)
FN:28,(anonymous_4)
FNF:4
FNH:4
FNDA:1,(anonymous_1)
FNDA:14,(anonymous_2)
FNDA:4,(anonymous_3)
FNDA:2,(anonymous_4)
DA:1,1
DA:3,1
DA:5,1
DA:7,1
DA:10,14
DA:11,1
DA:16,13
DA:17,5
DA:20,13
DA:23,4
DA:29,2
DA:33,1
LF:12
LH:12
BRDA:10,1,0,1
BRDA:10,1,1,13
BRDA:16,2,0,5
BRDA:16,2,1,8
BRF:4
BRH:4
end_of_record
TN:
SF:/Volumes/Dev/hellofresh/lentil/lib/Config.js
FN:3,(anonymous_1)
FN:5,(anonymous_2)
FN:9,(anonymous_3)
FN:24,(anonymous_4)
FNF:4
FNH:4
FNDA:1,(anonymous_1)
FNDA:25,(anonymous_2)
FNDA:37,(anonymous_3)
FNDA:12,(anonymous_4)
DA:1,1
DA:3,1
DA:5,1
DA:6,25
DA:9,1
DA:10,37
DA:12,37
DA:13,37
DA:14,57
DA:16,57
DA:17,16
DA:21,21
DA:24,1
DA:25,12
DA:28,1
LF:15
LH:15
BRDA:16,1,0,16
BRDA:16,1,1,41
BRDA:25,2,0,11
BRDA:25,2,1,1
BRF:4
BRH:4
end_of_record
TN:
SF:/Volumes/Dev/hellofresh/lentil/lib/Deployer.js
FN:3,(anonymous_1)
FN:8,(anonymous_2)
FN:12,(anonymous_3)
FNF:3
FNH:3
FNDA:1,(anonymous_1)
FNDA:3,(anonymous_2)
FNDA:3,(anonymous_3)
DA:1,1
DA:3,1
DA:5,1
DA:6,1
DA:8,1
DA:9,3
DA:12,1
DA:13,3
DA:16,1
LF:9
LH:9
BRF:0
BRH:0
end_of_record
TN:
SF:/Volumes/Dev/hellofresh/lentil/lib/TaskRunner.js
FN:3,(anonymous_1)
FN:7,(anonymous_2)
FN:31,(anonymous_3)
FN:42,(anonymous_4)
FNF:4
FNH:4
FNDA:1,(anonymous_1)
FNDA:6,(anonymous_2)
FNDA:4,(anonymous_3)
FNDA:3,(anonymous_4)
DA:1,1
DA:3,1
DA:5,1
DA:7,1
DA:8,6
DA:11,1
DA:20,1
DA:31,1
DA:32,4
DA:33,1
DA:36,3
DA:37,3
DA:39,3
DA:42,1
DA:43,3
DA:47,3
DA:53,1
LF:17
LH:17
BRDA:32,1,0,1
BRDA:32,1,1,3
BRF:2
BRH:2
end_of_record
TN:
SF:/Volumes/Dev/hellofresh/lentil/lib/paths/js.js
FN:1,(anonymous_1)
FN:5,(anonymous_2)
FNF:2
FNH:2
FNDA:1,(anonymous_1)
FNDA:1,(anonymous_2)
DA:1,1
DA:3,1
DA:5,1
DA:6,1
LF:4
LH:4
BRF:0
BRH:0
end_of_record
TN:
SF:/Volumes/Dev/hellofresh/lentil/lib/FileSystem.js
FN:3,(anonymous_1)
FN:9,(anonymous_2)
FN:10,(anonymous_3)
FN:14,(anonymous_4)
FN:19,(anonymous_5)
FN:26,(anonymous_6)
FNF:6
FNH:6
FNDA:1,(anonymous_1)
FNDA:3,(anonymous_2)
FNDA:23,(anonymous_3)
FNDA:3,(anonymous_4)
FNDA:2,(anonymous_5)
FNDA:1,(anonymous_6)
DA:1,1
DA:3,1
DA:5,1
DA:6,1
DA:8,1
DA:10,3
DA:11,23
DA:15,3
DA:17,3
DA:20,2
DA:27,1
DA:31,1
LF:12
LH:12
BRF:0
BRH:0
end_of_record
TN:
SF:/Volumes/Dev/hellofresh/lentil/lib/paths/sass.js
FN:1,(anonymous_1)
FN:5,(anonymous_2)
FNF:2
FNH:2
FNDA:1,(anonymous_1)
FNDA:1,(anonymous_2)
DA:1,1
DA:3,1
DA:5,1
DA:6,1
LF:4
LH:4
BRF:0
BRH:0
end_of_record
TN:
SF:/Volumes/Dev/hellofresh/lentil/lib/paths/angularTemplates.js
FN:1,(anonymous_1)
FN:5,(anonymous_2)
FNF:2
FNH:2
FNDA:1,(anonymous_1)
FNDA:1,(anonymous_2)
DA:1,1
DA:3,1
DA:5,1
DA:6,1
DA:7,1
DA:9,1
LF:6
LH:6
BRF:0
BRH:0
end_of_record
TN:
SF:/Volumes/Dev/hellofresh/lentil/lib/paths/angular.js
FN:1,(anonymous_1)
FN:5,(anonymous_2)
FNF:2
FNH:2
FNDA:1,(anonymous_1)
FNDA:2,(anonymous_2)
DA:1,1
DA:3,1
DA:5,1
DA:6,2
DA:8,2
LF:5
LH:5
BRF:0
BRH:0
end_of_record
TN:
SF:/Volumes/Dev/hellofresh/lentil/lib/paths/libs.js
FN:1,(anonymous_1)
FN:3,(anonymous_2)
FNF:2
FNH:2
FNDA:1,(anonymous_1)
FNDA:2,(anonymous_2)
DA:1,1
DA:3,1
DA:4,2
LF:3
LH:3
BRF:0
BRH:0
end_of_record
TN:
SF:/Volumes/Dev/hellofresh/lentil/lib/paths/karma.js
FN:1,(anonymous_1)
FN:5,(anonymous_2)
FNF:2
FNH:2
FNDA:1,(anonymous_1)
FNDA:1,(anonymous_2)
DA:1,1
DA:3,1
DA:5,1
DA:6,1
DA:8,1
LF:5
LH:5
BRF:0
BRH:0
end_of_record
TN:
SF:/Volumes/Dev/hellofresh/lentil/lib/ingredients/js.js
FN:1,(anonymous_1)
FN:6,(anonymous_2)
FN:9,parseJs
FNF:3
FNH:3
FNDA:1,(anonymous_1)
FNDA:1,(anonymous_2)
FNDA:1,parseJs
DA:1,1
DA:3,1
DA:4,1
DA:6,1
DA:7,1
DA:9,1
DA:10,1
DA:21,1
LF:8
LH:8
BRF:0
BRH:0
end_of_record
TN:
SF:/Volumes/Dev/hellofresh/lentil/lib/ingredients/sass.js
FN:1,(anonymous_1)
FN:6,(anonymous_2)
FN:9,parseSass
FNF:3
FNH:3
FNDA:1,(anonymous_1)
FNDA:1,(anonymous_2)
FNDA:1,parseSass
DA:1,1
DA:3,1
DA:4,1
DA:6,1
DA:7,1
DA:9,1
DA:10,1
DA:20,1
LF:8
LH:8
BRF:0
BRH:0
end_of_record
TN:
SF:/Volumes/Dev/hellofresh/lentil/lib/ingredients/angularTemplates.js
FN:1,(anonymous_1)
FN:7,(anonymous_2)
FN:10,parseAngularTemplates
FN:31,(anonymous_4)
FNF:4
FNH:4
FNDA:1,(anonymous_1)
FNDA:1,(anonymous_2)
FNDA:1,parseAngularTemplates
FNDA:1,(anonymous_4)
DA:1,1
DA:3,1
DA:4,1
DA:5,1
DA:7,1
DA:8,1
DA:10,1
DA:11,1
DA:13,1
DA:14,1
DA:16,1
DA:32,1
DA:37,1
DA:38,1
DA:42,1
LF:15
LH:15
BRDA:37,1,0,1
BRDA:37,1,1,0
BRF:2
BRH:1
end_of_record
TN:
SF:/Volumes/Dev/hellofresh/lentil/lib/ingredients/angular.js
FN:1,(anonymous_1)
FN:7,(anonymous_2)
FN:10,parseAngular
FN:12,(anonymous_4)
FN:30,(anonymous_5)
FNF:5
FNH:5
FNDA:1,(anonymous_1)
FNDA:2,(anonymous_2)
FNDA:1,parseAngular
FNDA:1,(anonymous_4)
FNDA:1,(anonymous_5)
DA:1,1
DA:3,1
DA:4,1
DA:5,1
DA:7,1
DA:8,2
DA:10,2
DA:11,1
DA:13,1
DA:15,1
DA:31,1
DA:32,0
DA:36,1
LF:13
LH:12
BRDA:31,1,0,0
BRDA:31,1,1,1
BRDA:31,2,0,1
BRDA:31,2,1,1
BRF:4
BRH:3
end_of_record
TN:
SF:/Volumes/Dev/hellofresh/lentil/lib/ingredients/libs.js
FN:1,(anonymous_1)
FN:6,(anonymous_2)
FN:9,parseLibs
FNF:3
FNH:3
FNDA:1,(anonymous_1)
FNDA:2,(anonymous_2)
FNDA:1,parseLibs
DA:1,1
DA:3,1
DA:4,1
DA:6,1
DA:7,2
DA:9,2
DA:10,1
DA:16,1
LF:8
LH:8
BRF:0
BRH:0
end_of_record
TN:
SF:/Volumes/Dev/hellofresh/lentil/lib/ingredients/watch.js
FN:1,(anonymous_1)
FN:5,(anonymous_2)
FN:6,watch
FNF:3
FNH:2
FNDA:1,(anonymous_1)
FNDA:5,(anonymous_2)
FNDA:0,watch
DA:1,1
DA:3,1
DA:5,1
DA:6,5
DA:7,0
LF:5
LH:4
BRF:0
BRH:0
end_of_record
TN:
SF:/Volumes/Dev/hellofresh/lentil/lib/ingredients/karma.js
FN:1,(anonymous_1)
FN:6,(anonymous_2)
FN:7,karma
FNF:3
FNH:2
FNDA:1,(anonymous_1)
FNDA:3,(anonymous_2)
FNDA:0,karma
DA:1,1
DA:3,1
DA:4,1
DA:6,1
DA:7,3
DA:8,0
LF:6
LH:5
BRF:0
BRH:0
end_of_record
TN:
SF:/Volumes/Dev/hellofresh/lentil/lib/ingredients/deploy.js
FN:1,(anonymous_1)
FN:6,(anonymous_2)
FN:7,deploy
FN:22,(anonymous_4)
FN:41,(anonymous_5)
FNF:5
FNH:5
FNDA:1,(anonymous_1)
FNDA:3,(anonymous_2)
FNDA:1,deploy
FNDA:1,(anonymous_4)
FNDA:1,(anonymous_5)
DA:1,1
DA:3,1
DA:4,1
DA:6,1
DA:7,3
DA:8,1
DA:23,1
DA:42,1
LF:8
LH:8
BRF:0
BRH:0
end_of_record
TN:
SF:/Volumes/Dev/hellofresh/lentil/lib/Lentil.js
FN:3,(anonymous_1)
FN:16,(anonymous_2)
FN:22,(anonymous_3)
FN:42,(anonymous_4)
FN:58,(anonymous_5)
FNF:5
FNH:5
FNDA:1,(anonymous_1)
FNDA:4,(anonymous_2)
FNDA:1,(anonymous_3)
FNDA:1,(anonymous_4)
FNDA:1,(anonymous_5)
DA:1,1
DA:3,1
DA:5,1
DA:6,1
DA:7,1
DA:8,1
DA:9,1
DA:10,1
DA:11,1
DA:12,1
DA:13,1
DA:14,1
DA:16,1
DA:17,4
DA:18,4
DA:19,4
DA:22,1
DA:23,1
DA:25,1
DA:26,1
DA:27,1
DA:28,1
DA:30,1
DA:31,1
DA:33,1
DA:34,1
DA:42,1
DA:43,1
DA:45,1
DA:46,1
DA:47,1
DA:48,1
DA:50,1
DA:51,1
DA:58,1
DA:59,1
DA:60,1
DA:61,1
DA:64,1
DA:66,1
DA:68,1
DA:69,1
DA:70,1
DA:72,1
DA:73,1
DA:75,1
DA:76,1
DA:78,1
DA:81,1
LF:49
LH:49
BRDA:30,1,0,1
BRDA:30,1,1,0
BRF:2
BRH:1
end_of_record
TN:
SF:/Volumes/Dev/hellofresh/lentil/lib/Tester.js
FN:3,(anonymous_1)
FN:8,(anonymous_2)
FN:10,(anonymous_3)
FNF:3
FNH:3
FNDA:1,(anonymous_1)
FNDA:4,(anonymous_2)
FNDA:2,(anonymous_3)
DA:1,1
DA:3,1
DA:5,1
DA:6,1
DA:8,1
DA:10,1
DA:11,2
DA:15,2
DA:20,1
LF:9
LH:9
BRF:0
BRH:0
end_of_record
